{"/Users/eugene/Documents/GitHub/react-freetogame/frontend/src/index.tsx": {"path":"/Users/eugene/Documents/GitHub/react-freetogame/frontend/src/index.tsx","statementMap":{"0":{"start":{"line":10,"column":13},"end":{"line":12,"column":1}},"1":{"start":{"line":13,"column":0},"end":{"line":20,"column":2}},"2":{"start":{"line":21,"column":0},"end":{"line":21,"column":18}}},"fnMap":{},"branchMap":{},"s":{"0":0,"1":0,"2":0},"f":{},"b":{}}
,"/Users/eugene/Documents/GitHub/react-freetogame/frontend/src/reportWebVitals.ts": {"path":"/Users/eugene/Documents/GitHub/react-freetogame/frontend/src/reportWebVitals.ts","statementMap":{"0":{"start":{"line":3,"column":24},"end":{"line":13,"column":1}},"1":{"start":{"line":4,"column":2},"end":{"line":12,"column":3}},"2":{"start":{"line":5,"column":4},"end":{"line":11,"column":7}},"3":{"start":{"line":6,"column":6},"end":{"line":6,"column":26}},"4":{"start":{"line":7,"column":6},"end":{"line":7,"column":26}},"5":{"start":{"line":8,"column":6},"end":{"line":8,"column":26}},"6":{"start":{"line":9,"column":6},"end":{"line":9,"column":26}},"7":{"start":{"line":10,"column":6},"end":{"line":10,"column":27}}},"fnMap":{"0":{"name":"(anonymous_0)","decl":{"start":{"line":3,"column":24},"end":{"line":3,"column":25}},"loc":{"start":{"line":3,"column":57},"end":{"line":13,"column":1}},"line":3},"1":{"name":"(anonymous_1)","decl":{"start":{"line":5,"column":30},"end":{"line":5,"column":31}},"loc":{"start":{"line":5,"column":79},"end":{"line":11,"column":5}},"line":5}},"branchMap":{"0":{"loc":{"start":{"line":4,"column":2},"end":{"line":12,"column":3}},"type":"if","locations":[{"start":{"line":4,"column":2},"end":{"line":12,"column":3}},{"start":{},"end":{}}],"line":4},"1":{"loc":{"start":{"line":4,"column":6},"end":{"line":4,"column":52}},"type":"binary-expr","locations":[{"start":{"line":4,"column":6},"end":{"line":4,"column":17}},{"start":{"line":4,"column":21},"end":{"line":4,"column":52}}],"line":4}},"s":{"0":0,"1":0,"2":0,"3":0,"4":0,"5":0,"6":0,"7":0},"f":{"0":0,"1":0},"b":{"0":[0,0],"1":[0,0]}}
,"/Users/eugene/Documents/GitHub/react-freetogame/frontend/src/components/App/App.tsx": {"path":"/Users/eugene/Documents/GitHub/react-freetogame/frontend/src/components/App/App.tsx","statementMap":{"0":{"start":{"line":24,"column":19},"end":{"line":24,"column":32}},"1":{"start":{"line":25,"column":19},"end":{"line":25,"column":35}},"2":{"start":{"line":27,"column":29},"end":{"line":27,"column":53}},"3":{"start":{"line":29,"column":19},"end":{"line":29,"column":32}},"4":{"start":{"line":30,"column":21},"end":{"line":30,"column":64}},"5":{"start":{"line":31,"column":36},"end":{"line":31,"column":59}},"6":{"start":{"line":32,"column":30},"end":{"line":32,"column":53}},"7":{"start":{"line":34,"column":2},"end":{"line":48,"column":17}},"8":{"start":{"line":35,"column":4},"end":{"line":35,"column":44}},"9":{"start":{"line":36,"column":4},"end":{"line":47,"column":9}},"10":{"start":{"line":38,"column":8},"end":{"line":38,"column":62}},"11":{"start":{"line":39,"column":8},"end":{"line":39,"column":23}},"12":{"start":{"line":42,"column":8},"end":{"line":42,"column":48}},"13":{"start":{"line":43,"column":8},"end":{"line":43,"column":22}},"14":{"start":{"line":46,"column":8},"end":{"line":46,"column":28}},"15":{"start":{"line":50,"column":21},"end":{"line":53,"column":3}},"16":{"start":{"line":51,"column":4},"end":{"line":51,"column":17}},"17":{"start":{"line":52,"column":4},"end":{"line":52,"column":26}},"18":{"start":{"line":55,"column":2},"end":{"line":103,"column":4}}},"fnMap":{"0":{"name":"App","decl":{"start":{"line":23,"column":9},"end":{"line":23,"column":12}},"loc":{"start":{"line":23,"column":15},"end":{"line":104,"column":1}},"line":23},"1":{"name":"(anonymous_1)","decl":{"start":{"line":34,"column":12},"end":{"line":34,"column":13}},"loc":{"start":{"line":34,"column":18},"end":{"line":48,"column":3}},"line":34},"2":{"name":"(anonymous_2)","decl":{"start":{"line":37,"column":12},"end":{"line":37,"column":13}},"loc":{"start":{"line":37,"column":19},"end":{"line":40,"column":7}},"line":37},"3":{"name":"(anonymous_3)","decl":{"start":{"line":41,"column":13},"end":{"line":41,"column":14}},"loc":{"start":{"line":41,"column":22},"end":{"line":44,"column":7}},"line":41},"4":{"name":"(anonymous_4)","decl":{"start":{"line":45,"column":15},"end":{"line":45,"column":16}},"loc":{"start":{"line":45,"column":21},"end":{"line":47,"column":7}},"line":45},"5":{"name":"(anonymous_5)","decl":{"start":{"line":50,"column":21},"end":{"line":50,"column":22}},"loc":{"start":{"line":50,"column":27},"end":{"line":53,"column":3}},"line":50}},"branchMap":{"0":{"loc":{"start":{"line":30,"column":21},"end":{"line":30,"column":64}},"type":"binary-expr","locations":[{"start":{"line":30,"column":21},"end":{"line":30,"column":35}},{"start":{"line":30,"column":39},"end":{"line":30,"column":64}}],"line":30},"1":{"loc":{"start":{"line":59,"column":7},"end":{"line":98,"column":11}},"type":"cond-expr","locations":[{"start":{"line":61,"column":10},"end":{"line":73,"column":13}},{"start":{"line":75,"column":10},"end":{"line":98,"column":11}}],"line":59},"2":{"loc":{"start":{"line":75,"column":10},"end":{"line":98,"column":11}},"type":"cond-expr","locations":[{"start":{"line":76,"column":13},"end":{"line":89,"column":13}},{"start":{"line":92,"column":12},"end":{"line":97,"column":21}}],"line":75},"3":{"loc":{"start":{"line":92,"column":30},"end":{"line":92,"column":52}},"type":"binary-expr","locations":[{"start":{"line":92,"column":30},"end":{"line":92,"column":40}},{"start":{"line":92,"column":44},"end":{"line":92,"column":52}}],"line":92}},"s":{"0":0,"1":0,"2":0,"3":0,"4":0,"5":0,"6":0,"7":0,"8":0,"9":0,"10":0,"11":0,"12":0,"13":0,"14":0,"15":0,"16":0,"17":0,"18":0},"f":{"0":0,"1":0,"2":0,"3":0,"4":0,"5":0},"b":{"0":[0,0],"1":[0,0],"2":[0,0],"3":[0,0]}}
,"/Users/eugene/Documents/GitHub/react-freetogame/frontend/src/components/AppFooter/AppFooter.tsx": {"path":"/Users/eugene/Documents/GitHub/react-freetogame/frontend/src/components/AppFooter/AppFooter.tsx","statementMap":{"0":{"start":{"line":10,"column":22},"end":{"line":187,"column":1}},"1":{"start":{"line":11,"column":22},"end":{"line":13,"column":6}},"2":{"start":{"line":15,"column":17},"end":{"line":16,"column":88}},"3":{"start":{"line":16,"column":8},"end":{"line":16,"column":88}},"4":{"start":{"line":18,"column":28},"end":{"line":98,"column":5}},"5":{"start":{"line":19,"column":8},"end":{"line":97,"column":9}},"6":{"start":{"line":100,"column":27},"end":{"line":180,"column":5}},"7":{"start":{"line":101,"column":8},"end":{"line":179,"column":9}},"8":{"start":{"line":182,"column":4},"end":{"line":186,"column":5}}},"fnMap":{"0":{"name":"(anonymous_0)","decl":{"start":{"line":10,"column":22},"end":{"line":10,"column":23}},"loc":{"start":{"line":10,"column":28},"end":{"line":187,"column":1}},"line":10},"1":{"name":"(anonymous_1)","decl":{"start":{"line":15,"column":17},"end":{"line":15,"column":18}},"loc":{"start":{"line":16,"column":8},"end":{"line":16,"column":88}},"line":16},"2":{"name":"(anonymous_2)","decl":{"start":{"line":18,"column":28},"end":{"line":18,"column":29}},"loc":{"start":{"line":18,"column":34},"end":{"line":98,"column":5}},"line":18},"3":{"name":"(anonymous_3)","decl":{"start":{"line":100,"column":27},"end":{"line":100,"column":28}},"loc":{"start":{"line":100,"column":33},"end":{"line":180,"column":5}},"line":100}},"branchMap":{"0":{"loc":{"start":{"line":16,"column":8},"end":{"line":16,"column":88}},"type":"cond-expr","locations":[{"start":{"line":16,"column":19},"end":{"line":16,"column":65}},{"start":{"line":16,"column":68},"end":{"line":16,"column":88}}],"line":16},"1":{"loc":{"start":{"line":183,"column":8},"end":{"line":185,"column":28}},"type":"cond-expr","locations":[{"start":{"line":184,"column":14},"end":{"line":184,"column":29}},{"start":{"line":185,"column":14},"end":{"line":185,"column":28}}],"line":183}},"s":{"0":0,"1":0,"2":0,"3":0,"4":0,"5":0,"6":0,"7":0,"8":0},"f":{"0":0,"1":0,"2":0,"3":0},"b":{"0":[0,0],"1":[0,0]}}
,"/Users/eugene/Documents/GitHub/react-freetogame/frontend/src/components/AppHeader/AppHeader.tsx": {"path":"/Users/eugene/Documents/GitHub/react-freetogame/frontend/src/components/AppHeader/AppHeader.tsx","statementMap":{"0":{"start":{"line":12,"column":22},"end":{"line":263,"column":1}},"1":{"start":{"line":13,"column":18},"end":{"line":13,"column":73}},"2":{"start":{"line":13,"column":55},"end":{"line":13,"column":72}},"3":{"start":{"line":14,"column":50},"end":{"line":14,"column":65}},"4":{"start":{"line":15,"column":54},"end":{"line":15,"column":69}},"5":{"start":{"line":16,"column":20},"end":{"line":16,"column":57}},"6":{"start":{"line":18,"column":28},"end":{"line":26,"column":5}},"7":{"start":{"line":19,"column":39},"end":{"line":19,"column":41}},"8":{"start":{"line":20,"column":8},"end":{"line":24,"column":11}},"9":{"start":{"line":21,"column":12},"end":{"line":23,"column":13}},"10":{"start":{"line":22,"column":16},"end":{"line":22,"column":46}},"11":{"start":{"line":25,"column":8},"end":{"line":25,"column":28}},"12":{"start":{"line":28,"column":20},"end":{"line":28,"column":83}},"13":{"start":{"line":28,"column":50},"end":{"line":28,"column":82}},"14":{"start":{"line":29,"column":25},"end":{"line":29,"column":87}},"15":{"start":{"line":29,"column":55},"end":{"line":29,"column":86}},"16":{"start":{"line":31,"column":21},"end":{"line":31,"column":45}},"17":{"start":{"line":32,"column":26},"end":{"line":32,"column":55}},"18":{"start":{"line":34,"column":31},"end":{"line":39,"column":5}},"19":{"start":{"line":35,"column":8},"end":{"line":38,"column":9}},"20":{"start":{"line":36,"column":12},"end":{"line":36,"column":38}},"21":{"start":{"line":37,"column":12},"end":{"line":37,"column":40}},"22":{"start":{"line":41,"column":4},"end":{"line":46,"column":11}},"23":{"start":{"line":42,"column":8},"end":{"line":42,"column":67}},"24":{"start":{"line":43,"column":8},"end":{"line":45,"column":10}},"25":{"start":{"line":44,"column":12},"end":{"line":44,"column":74}},"26":{"start":{"line":48,"column":29},"end":{"line":55,"column":5}},"27":{"start":{"line":49,"column":8},"end":{"line":51,"column":9}},"28":{"start":{"line":50,"column":12},"end":{"line":50,"column":38}},"29":{"start":{"line":52,"column":8},"end":{"line":54,"column":9}},"30":{"start":{"line":53,"column":12},"end":{"line":53,"column":40}},"31":{"start":{"line":57,"column":28},"end":{"line":60,"column":5}},"32":{"start":{"line":58,"column":8},"end":{"line":58,"column":34}},"33":{"start":{"line":59,"column":8},"end":{"line":59,"column":45}},"34":{"start":{"line":62,"column":30},"end":{"line":65,"column":5}},"35":{"start":{"line":63,"column":8},"end":{"line":63,"column":36}},"36":{"start":{"line":64,"column":8},"end":{"line":64,"column":49}},"37":{"start":{"line":68,"column":17},"end":{"line":69,"column":88}},"38":{"start":{"line":69,"column":8},"end":{"line":69,"column":88}},"39":{"start":{"line":71,"column":22},"end":{"line":73,"column":6}},"40":{"start":{"line":75,"column":28},"end":{"line":186,"column":5}},"41":{"start":{"line":76,"column":8},"end":{"line":185,"column":9}},"42":{"start":{"line":86,"column":93},"end":{"line":86,"column":111}},"43":{"start":{"line":94,"column":106},"end":{"line":94,"column":125}},"44":{"start":{"line":96,"column":44},"end":{"line":100,"column":49}},"45":{"start":{"line":112,"column":93},"end":{"line":112,"column":111}},"46":{"start":{"line":120,"column":106},"end":{"line":120,"column":125}},"47":{"start":{"line":122,"column":44},"end":{"line":126,"column":49}},"48":{"start":{"line":188,"column":27},"end":{"line":252,"column":5}},"49":{"start":{"line":189,"column":44},"end":{"line":189,"column":59}},"50":{"start":{"line":190,"column":32},"end":{"line":192,"column":9}},"51":{"start":{"line":191,"column":12},"end":{"line":191,"column":39}},"52":{"start":{"line":193,"column":8},"end":{"line":251,"column":9}},"53":{"start":{"line":254,"column":4},"end":{"line":262,"column":6}}},"fnMap":{"0":{"name":"(anonymous_0)","decl":{"start":{"line":12,"column":22},"end":{"line":12,"column":23}},"loc":{"start":{"line":12,"column":28},"end":{"line":263,"column":1}},"line":12},"1":{"name":"(anonymous_1)","decl":{"start":{"line":13,"column":33},"end":{"line":13,"column":34}},"loc":{"start":{"line":13,"column":55},"end":{"line":13,"column":72}},"line":13},"2":{"name":"(anonymous_2)","decl":{"start":{"line":18,"column":28},"end":{"line":18,"column":29}},"loc":{"start":{"line":18,"column":48},"end":{"line":26,"column":5}},"line":18},"3":{"name":"(anonymous_3)","decl":{"start":{"line":20,"column":22},"end":{"line":20,"column":23}},"loc":{"start":{"line":20,"column":39},"end":{"line":24,"column":9}},"line":20},"4":{"name":"(anonymous_4)","decl":{"start":{"line":28,"column":33},"end":{"line":28,"column":34}},"loc":{"start":{"line":28,"column":50},"end":{"line":28,"column":82}},"line":28},"5":{"name":"(anonymous_5)","decl":{"start":{"line":29,"column":38},"end":{"line":29,"column":39}},"loc":{"start":{"line":29,"column":55},"end":{"line":29,"column":86}},"line":29},"6":{"name":"(anonymous_6)","decl":{"start":{"line":34,"column":31},"end":{"line":34,"column":32}},"loc":{"start":{"line":34,"column":54},"end":{"line":39,"column":5}},"line":34},"7":{"name":"(anonymous_7)","decl":{"start":{"line":41,"column":14},"end":{"line":41,"column":15}},"loc":{"start":{"line":41,"column":20},"end":{"line":46,"column":5}},"line":41},"8":{"name":"(anonymous_8)","decl":{"start":{"line":43,"column":15},"end":{"line":43,"column":16}},"loc":{"start":{"line":43,"column":21},"end":{"line":45,"column":9}},"line":43},"9":{"name":"(anonymous_9)","decl":{"start":{"line":48,"column":29},"end":{"line":48,"column":30}},"loc":{"start":{"line":48,"column":57},"end":{"line":55,"column":5}},"line":48},"10":{"name":"(anonymous_10)","decl":{"start":{"line":57,"column":28},"end":{"line":57,"column":29}},"loc":{"start":{"line":57,"column":34},"end":{"line":60,"column":5}},"line":57},"11":{"name":"(anonymous_11)","decl":{"start":{"line":62,"column":30},"end":{"line":62,"column":31}},"loc":{"start":{"line":62,"column":36},"end":{"line":65,"column":5}},"line":62},"12":{"name":"(anonymous_12)","decl":{"start":{"line":68,"column":17},"end":{"line":68,"column":18}},"loc":{"start":{"line":69,"column":8},"end":{"line":69,"column":88}},"line":69},"13":{"name":"(anonymous_13)","decl":{"start":{"line":75,"column":28},"end":{"line":75,"column":29}},"loc":{"start":{"line":75,"column":34},"end":{"line":186,"column":5}},"line":75},"14":{"name":"(anonymous_14)","decl":{"start":{"line":86,"column":86},"end":{"line":86,"column":87}},"loc":{"start":{"line":86,"column":93},"end":{"line":86,"column":111}},"line":86},"15":{"name":"(anonymous_15)","decl":{"start":{"line":94,"column":99},"end":{"line":94,"column":100}},"loc":{"start":{"line":94,"column":106},"end":{"line":94,"column":125}},"line":94},"16":{"name":"(anonymous_16)","decl":{"start":{"line":95,"column":54},"end":{"line":95,"column":55}},"loc":{"start":{"line":96,"column":44},"end":{"line":100,"column":49}},"line":96},"17":{"name":"(anonymous_17)","decl":{"start":{"line":112,"column":86},"end":{"line":112,"column":87}},"loc":{"start":{"line":112,"column":93},"end":{"line":112,"column":111}},"line":112},"18":{"name":"(anonymous_18)","decl":{"start":{"line":120,"column":99},"end":{"line":120,"column":100}},"loc":{"start":{"line":120,"column":106},"end":{"line":120,"column":125}},"line":120},"19":{"name":"(anonymous_19)","decl":{"start":{"line":121,"column":59},"end":{"line":121,"column":60}},"loc":{"start":{"line":122,"column":44},"end":{"line":126,"column":49}},"line":122},"20":{"name":"(anonymous_20)","decl":{"start":{"line":188,"column":27},"end":{"line":188,"column":28}},"loc":{"start":{"line":188,"column":33},"end":{"line":252,"column":5}},"line":188},"21":{"name":"(anonymous_21)","decl":{"start":{"line":190,"column":32},"end":{"line":190,"column":33}},"loc":{"start":{"line":190,"column":38},"end":{"line":192,"column":9}},"line":190}},"branchMap":{"0":{"loc":{"start":{"line":21,"column":12},"end":{"line":23,"column":13}},"type":"if","locations":[{"start":{"line":21,"column":12},"end":{"line":23,"column":13}},{"start":{},"end":{}}],"line":21},"1":{"loc":{"start":{"line":35,"column":8},"end":{"line":38,"column":9}},"type":"if","locations":[{"start":{"line":35,"column":8},"end":{"line":38,"column":9}},{"start":{},"end":{}}],"line":35},"2":{"loc":{"start":{"line":35,"column":12},"end":{"line":35,"column":78}},"type":"binary-expr","locations":[{"start":{"line":35,"column":12},"end":{"line":35,"column":27}},{"start":{"line":35,"column":31},"end":{"line":35,"column":78}}],"line":35},"3":{"loc":{"start":{"line":49,"column":8},"end":{"line":51,"column":9}},"type":"if","locations":[{"start":{"line":49,"column":8},"end":{"line":51,"column":9}},{"start":{},"end":{}}],"line":49},"4":{"loc":{"start":{"line":52,"column":8},"end":{"line":54,"column":9}},"type":"if","locations":[{"start":{"line":52,"column":8},"end":{"line":54,"column":9}},{"start":{},"end":{}}],"line":52},"5":{"loc":{"start":{"line":69,"column":8},"end":{"line":69,"column":88}},"type":"cond-expr","locations":[{"start":{"line":69,"column":19},"end":{"line":69,"column":65}},{"start":{"line":69,"column":68},"end":{"line":69,"column":88}}],"line":69},"6":{"loc":{"start":{"line":88,"column":37},"end":{"line":90,"column":128}},"type":"cond-expr","locations":[{"start":{"line":89,"column":42},"end":{"line":89,"column":126}},{"start":{"line":90,"column":42},"end":{"line":90,"column":128}}],"line":88},"7":{"loc":{"start":{"line":93,"column":33},"end":{"line":109,"column":33}},"type":"binary-expr","locations":[{"start":{"line":93,"column":33},"end":{"line":93,"column":48}},{"start":{"line":94,"column":36},"end":{"line":108,"column":41}}],"line":93},"8":{"loc":{"start":{"line":114,"column":37},"end":{"line":116,"column":128}},"type":"cond-expr","locations":[{"start":{"line":115,"column":42},"end":{"line":115,"column":126}},{"start":{"line":116,"column":42},"end":{"line":116,"column":128}}],"line":114},"9":{"loc":{"start":{"line":119,"column":33},"end":{"line":135,"column":33}},"type":"binary-expr","locations":[{"start":{"line":119,"column":33},"end":{"line":119,"column":50}},{"start":{"line":120,"column":36},"end":{"line":134,"column":41}}],"line":119},"10":{"loc":{"start":{"line":198,"column":21},"end":{"line":248,"column":21}},"type":"binary-expr","locations":[{"start":{"line":198,"column":21},"end":{"line":198,"column":31}},{"start":{"line":199,"column":24},"end":{"line":247,"column":29}}],"line":198},"11":{"loc":{"start":{"line":257,"column":16},"end":{"line":259,"column":36}},"type":"cond-expr","locations":[{"start":{"line":258,"column":22},"end":{"line":258,"column":37}},{"start":{"line":259,"column":22},"end":{"line":259,"column":36}}],"line":257}},"s":{"0":0,"1":0,"2":0,"3":0,"4":0,"5":0,"6":0,"7":0,"8":0,"9":0,"10":0,"11":0,"12":0,"13":0,"14":0,"15":0,"16":0,"17":0,"18":0,"19":0,"20":0,"21":0,"22":0,"23":0,"24":0,"25":0,"26":0,"27":0,"28":0,"29":0,"30":0,"31":0,"32":0,"33":0,"34":0,"35":0,"36":0,"37":0,"38":0,"39":0,"40":0,"41":0,"42":0,"43":0,"44":0,"45":0,"46":0,"47":0,"48":0,"49":0,"50":0,"51":0,"52":0,"53":0},"f":{"0":0,"1":0,"2":0,"3":0,"4":0,"5":0,"6":0,"7":0,"8":0,"9":0,"10":0,"11":0,"12":0,"13":0,"14":0,"15":0,"16":0,"17":0,"18":0,"19":0,"20":0,"21":0},"b":{"0":[0,0],"1":[0,0],"2":[0,0],"3":[0,0],"4":[0,0],"5":[0,0],"6":[0,0],"7":[0,0],"8":[0,0],"9":[0,0],"10":[0,0],"11":[0,0]}}
,"/Users/eugene/Documents/GitHub/react-freetogame/frontend/src/components/Carousel/Carousel.tsx": {"path":"/Users/eugene/Documents/GitHub/react-freetogame/frontend/src/components/Carousel/Carousel.tsx","statementMap":{"0":{"start":{"line":30,"column":17},"end":{"line":32,"column":1}},"1":{"start":{"line":31,"column":4},"end":{"line":31,"column":76}},"2":{"start":{"line":34,"column":24},"end":{"line":34,"column":111}},"3":{"start":{"line":34,"column":62},"end":{"line":34,"column":110}},"4":{"start":{"line":36,"column":61},"end":{"line":86,"column":1}},"5":{"start":{"line":37,"column":22},"end":{"line":39,"column":6}},"6":{"start":{"line":41,"column":21},"end":{"line":41,"column":57}},"7":{"start":{"line":42,"column":30},"end":{"line":42,"column":82}},"8":{"start":{"line":44,"column":18},"end":{"line":49,"column":5}},"9":{"start":{"line":45,"column":8},"end":{"line":45,"column":42}},"10":{"start":{"line":46,"column":8},"end":{"line":48,"column":15}},"11":{"start":{"line":47,"column":12},"end":{"line":47,"column":46}},"12":{"start":{"line":51,"column":21},"end":{"line":57,"column":6}},"13":{"start":{"line":52,"column":28},"end":{"line":52,"column":39}},"14":{"start":{"line":53,"column":29},"end":{"line":53,"column":40}},"15":{"start":{"line":59,"column":4},"end":{"line":85,"column":6}},"16":{"start":{"line":64,"column":24},"end":{"line":68,"column":39}},"17":{"start":{"line":75,"column":52},"end":{"line":75,"column":63}},"18":{"start":{"line":78,"column":52},"end":{"line":78,"column":63}},"19":{"start":{"line":89,"column":4},"end":{"line":108,"column":5}},"20":{"start":{"line":91,"column":12},"end":{"line":96,"column":14}},"21":{"start":{"line":98,"column":12},"end":{"line":103,"column":14}},"22":{"start":{"line":105,"column":12},"end":{"line":105,"column":48}},"23":{"start":{"line":107,"column":12},"end":{"line":107,"column":25}}},"fnMap":{"0":{"name":"(anonymous_0)","decl":{"start":{"line":30,"column":17},"end":{"line":30,"column":18}},"loc":{"start":{"line":30,"column":67},"end":{"line":32,"column":1}},"line":30},"1":{"name":"(anonymous_1)","decl":{"start":{"line":34,"column":24},"end":{"line":34,"column":25}},"loc":{"start":{"line":34,"column":62},"end":{"line":34,"column":110}},"line":34},"2":{"name":"(anonymous_2)","decl":{"start":{"line":36,"column":61},"end":{"line":36,"column":62}},"loc":{"start":{"line":36,"column":72},"end":{"line":86,"column":1}},"line":36},"3":{"name":"(anonymous_3)","decl":{"start":{"line":44,"column":18},"end":{"line":44,"column":19}},"loc":{"start":{"line":44,"column":38},"end":{"line":49,"column":5}},"line":44},"4":{"name":"(anonymous_4)","decl":{"start":{"line":46,"column":19},"end":{"line":46,"column":20}},"loc":{"start":{"line":46,"column":25},"end":{"line":48,"column":9}},"line":46},"5":{"name":"(anonymous_5)","decl":{"start":{"line":52,"column":22},"end":{"line":52,"column":23}},"loc":{"start":{"line":52,"column":28},"end":{"line":52,"column":39}},"line":52},"6":{"name":"(anonymous_6)","decl":{"start":{"line":53,"column":23},"end":{"line":53,"column":24}},"loc":{"start":{"line":53,"column":29},"end":{"line":53,"column":40}},"line":53},"7":{"name":"(anonymous_7)","decl":{"start":{"line":63,"column":56},"end":{"line":63,"column":57}},"loc":{"start":{"line":64,"column":24},"end":{"line":68,"column":39}},"line":64},"8":{"name":"(anonymous_8)","decl":{"start":{"line":75,"column":46},"end":{"line":75,"column":47}},"loc":{"start":{"line":75,"column":52},"end":{"line":75,"column":63}},"line":75},"9":{"name":"(anonymous_9)","decl":{"start":{"line":78,"column":46},"end":{"line":78,"column":47}},"loc":{"start":{"line":78,"column":52},"end":{"line":78,"column":63}},"line":78},"10":{"name":"reducer","decl":{"start":{"line":88,"column":9},"end":{"line":88,"column":16}},"loc":{"start":{"line":88,"column":78},"end":{"line":109,"column":1}},"line":88}},"branchMap":{"0":{"loc":{"start":{"line":31,"column":11},"end":{"line":31,"column":75}},"type":"cond-expr","locations":[{"start":{"line":31,"column":29},"end":{"line":31,"column":61}},{"start":{"line":31,"column":64},"end":{"line":31,"column":75}}],"line":31},"1":{"loc":{"start":{"line":72,"column":13},"end":{"line":82,"column":17}},"type":"binary-expr","locations":[{"start":{"line":72,"column":13},"end":{"line":72,"column":22}},{"start":{"line":74,"column":20},"end":{"line":81,"column":43}}],"line":72},"2":{"loc":{"start":{"line":89,"column":4},"end":{"line":108,"column":5}},"type":"switch","locations":[{"start":{"line":90,"column":8},"end":{"line":96,"column":14}},{"start":{"line":97,"column":8},"end":{"line":103,"column":14}},{"start":{"line":104,"column":8},"end":{"line":105,"column":48}},{"start":{"line":106,"column":8},"end":{"line":107,"column":25}}],"line":89},"3":{"loc":{"start":{"line":95,"column":21},"end":{"line":95,"column":74}},"type":"cond-expr","locations":[{"start":{"line":95,"column":39},"end":{"line":95,"column":58}},{"start":{"line":95,"column":61},"end":{"line":95,"column":74}}],"line":95},"4":{"loc":{"start":{"line":102,"column":21},"end":{"line":102,"column":74}},"type":"cond-expr","locations":[{"start":{"line":102,"column":57},"end":{"line":102,"column":58}},{"start":{"line":102,"column":61},"end":{"line":102,"column":74}}],"line":102}},"s":{"0":0,"1":0,"2":0,"3":0,"4":0,"5":0,"6":0,"7":0,"8":0,"9":0,"10":0,"11":0,"12":0,"13":0,"14":0,"15":0,"16":0,"17":0,"18":0,"19":0,"20":0,"21":0,"22":0,"23":0},"f":{"0":0,"1":0,"2":0,"3":0,"4":0,"5":0,"6":0,"7":0,"8":0,"9":0,"10":0},"b":{"0":[0,0],"1":[0,0],"2":[0,0,0,0],"3":[0,0],"4":[0,0]}}
,"/Users/eugene/Documents/GitHub/react-freetogame/frontend/src/components/Carousel/components.tsx": {"path":"/Users/eugene/Documents/GitHub/react-freetogame/frontend/src/components/Carousel/components.tsx","statementMap":{"0":{"start":{"line":3,"column":21},"end":{"line":7,"column":1}},"1":{"start":{"line":9,"column":20},"end":{"line":9,"column":26}},"2":{"start":{"line":10,"column":20},"end":{"line":10,"column":26}},"3":{"start":{"line":12,"column":20},"end":{"line":18,"column":1}},"4":{"start":{"line":15,"column":33},"end":{"line":15,"column":52}},"5":{"start":{"line":20,"column":33},"end":{"line":28,"column":1}},"6":{"start":{"line":22,"column":28},"end":{"line":22,"column":72}},"7":{"start":{"line":24,"column":8},"end":{"line":24,"column":67}},"8":{"start":{"line":24,"column":28},"end":{"line":24,"column":67}},"9":{"start":{"line":25,"column":8},"end":{"line":25,"column":77}},"10":{"start":{"line":25,"column":32},"end":{"line":25,"column":77}},"11":{"start":{"line":26,"column":8},"end":{"line":26,"column":32}},"12":{"start":{"line":30,"column":23},"end":{"line":33,"column":1}},"13":{"start":{"line":35,"column":28},"end":{"line":40,"column":1}},"14":{"start":{"line":39,"column":22},"end":{"line":39,"column":33}},"15":{"start":{"line":42,"column":36},"end":{"line":46,"column":1}},"16":{"start":{"line":48,"column":27},"end":{"line":49,"column":1}},"17":{"start":{"line":51,"column":26},"end":{"line":57,"column":1}},"18":{"start":{"line":59,"column":17},"end":{"line":61,"column":1}}},"fnMap":{"0":{"name":"(anonymous_0)","decl":{"start":{"line":15,"column":22},"end":{"line":15,"column":23}},"loc":{"start":{"line":15,"column":33},"end":{"line":15,"column":52}},"line":15},"1":{"name":"(anonymous_1)","decl":{"start":{"line":22,"column":16},"end":{"line":22,"column":17}},"loc":{"start":{"line":22,"column":28},"end":{"line":22,"column":72}},"line":22},"2":{"name":"(anonymous_2)","decl":{"start":{"line":23,"column":15},"end":{"line":23,"column":16}},"loc":{"start":{"line":23,"column":26},"end":{"line":27,"column":5}},"line":23},"3":{"name":"(anonymous_3)","decl":{"start":{"line":39,"column":11},"end":{"line":39,"column":12}},"loc":{"start":{"line":39,"column":22},"end":{"line":39,"column":33}},"line":39}},"branchMap":{"0":{"loc":{"start":{"line":22,"column":28},"end":{"line":22,"column":72}},"type":"cond-expr","locations":[{"start":{"line":22,"column":44},"end":{"line":22,"column":50}},{"start":{"line":22,"column":53},"end":{"line":22,"column":72}}],"line":22},"1":{"loc":{"start":{"line":24,"column":8},"end":{"line":24,"column":67}},"type":"if","locations":[{"start":{"line":24,"column":8},"end":{"line":24,"column":67}},{"start":{},"end":{}}],"line":24},"2":{"loc":{"start":{"line":25,"column":8},"end":{"line":25,"column":77}},"type":"if","locations":[{"start":{"line":25,"column":8},"end":{"line":25,"column":77}},{"start":{},"end":{}}],"line":25}},"s":{"0":0,"1":0,"2":0,"3":0,"4":0,"5":0,"6":0,"7":0,"8":0,"9":0,"10":0,"11":0,"12":0,"13":0,"14":0,"15":0,"16":0,"17":0,"18":0},"f":{"0":0,"1":0,"2":0,"3":0},"b":{"0":[0,0],"1":[0,0],"2":[0,0]}}
,"/Users/eugene/Documents/GitHub/react-freetogame/frontend/src/components/Carousel/index.tsx": {"path":"/Users/eugene/Documents/GitHub/react-freetogame/frontend/src/components/Carousel/index.tsx","statementMap":{"0":{"start":{"line":13,"column":48},"end":{"line":70,"column":1}},"1":{"start":{"line":15,"column":4},"end":{"line":15,"column":30}},"2":{"start":{"line":17,"column":21},"end":{"line":56,"column":5}},"3":{"start":{"line":58,"column":4},"end":{"line":69,"column":6}},"4":{"start":{"line":63,"column":20},"end":{"line":65,"column":26}}},"fnMap":{"0":{"name":"(anonymous_0)","decl":{"start":{"line":13,"column":48},"end":{"line":13,"column":49}},"loc":{"start":{"line":13,"column":62},"end":{"line":70,"column":1}},"line":13},"1":{"name":"(anonymous_1)","decl":{"start":{"line":62,"column":38},"end":{"line":62,"column":39}},"loc":{"start":{"line":63,"column":20},"end":{"line":65,"column":26}},"line":63}},"branchMap":{},"s":{"0":0,"1":0,"2":0,"3":0,"4":0},"f":{"0":0,"1":0},"b":{}}
,"/Users/eugene/Documents/GitHub/react-freetogame/frontend/src/components/CommunityRecommendations/CommunityRecommendations.tsx": {"path":"/Users/eugene/Documents/GitHub/react-freetogame/frontend/src/components/CommunityRecommendations/CommunityRecommendations.tsx","statementMap":{"0":{"start":{"line":14,"column":37},"end":{"line":162,"column":1}},"1":{"start":{"line":15,"column":21},"end":{"line":15,"column":37}},"2":{"start":{"line":16,"column":18},"end":{"line":16,"column":73}},"3":{"start":{"line":16,"column":55},"end":{"line":16,"column":72}},"4":{"start":{"line":17,"column":30},"end":{"line":17,"column":90}},"5":{"start":{"line":17,"column":58},"end":{"line":17,"column":89}},"6":{"start":{"line":18,"column":31},"end":{"line":18,"column":85}},"7":{"start":{"line":18,"column":59},"end":{"line":18,"column":84}},"8":{"start":{"line":20,"column":22},"end":{"line":22,"column":6}},"9":{"start":{"line":24,"column":27},"end":{"line":26,"column":5}},"10":{"start":{"line":25,"column":8},"end":{"line":25,"column":60}},"11":{"start":{"line":28,"column":28},"end":{"line":91,"column":5}},"12":{"start":{"line":29,"column":8},"end":{"line":90,"column":9}},"13":{"start":{"line":38,"column":102},"end":{"line":38,"column":135}},"14":{"start":{"line":64,"column":103},"end":{"line":64,"column":137}},"15":{"start":{"line":93,"column":27},"end":{"line":155,"column":5}},"16":{"start":{"line":94,"column":8},"end":{"line":154,"column":9}},"17":{"start":{"line":157,"column":4},"end":{"line":161,"column":6}}},"fnMap":{"0":{"name":"(anonymous_0)","decl":{"start":{"line":14,"column":37},"end":{"line":14,"column":38}},"loc":{"start":{"line":14,"column":43},"end":{"line":162,"column":1}},"line":14},"1":{"name":"(anonymous_1)","decl":{"start":{"line":16,"column":33},"end":{"line":16,"column":34}},"loc":{"start":{"line":16,"column":55},"end":{"line":16,"column":72}},"line":16},"2":{"name":"(anonymous_2)","decl":{"start":{"line":17,"column":41},"end":{"line":17,"column":42}},"loc":{"start":{"line":17,"column":58},"end":{"line":17,"column":89}},"line":17},"3":{"name":"(anonymous_3)","decl":{"start":{"line":18,"column":42},"end":{"line":18,"column":43}},"loc":{"start":{"line":18,"column":59},"end":{"line":18,"column":84}},"line":18},"4":{"name":"(anonymous_4)","decl":{"start":{"line":24,"column":27},"end":{"line":24,"column":28}},"loc":{"start":{"line":24,"column":44},"end":{"line":26,"column":5}},"line":24},"5":{"name":"(anonymous_5)","decl":{"start":{"line":28,"column":28},"end":{"line":28,"column":29}},"loc":{"start":{"line":28,"column":34},"end":{"line":91,"column":5}},"line":28},"6":{"name":"(anonymous_6)","decl":{"start":{"line":38,"column":94},"end":{"line":38,"column":95}},"loc":{"start":{"line":38,"column":100},"end":{"line":38,"column":137}},"line":38},"7":{"name":"(anonymous_7)","decl":{"start":{"line":64,"column":95},"end":{"line":64,"column":96}},"loc":{"start":{"line":64,"column":101},"end":{"line":64,"column":139}},"line":64},"8":{"name":"(anonymous_8)","decl":{"start":{"line":93,"column":27},"end":{"line":93,"column":28}},"loc":{"start":{"line":93,"column":33},"end":{"line":155,"column":5}},"line":93}},"branchMap":{"0":{"loc":{"start":{"line":36,"column":21},"end":{"line":61,"column":21}},"type":"binary-expr","locations":[{"start":{"line":36,"column":21},"end":{"line":36,"column":38}},{"start":{"line":38,"column":24},"end":{"line":60,"column":34}}],"line":36},"1":{"loc":{"start":{"line":63,"column":21},"end":{"line":87,"column":21}},"type":"binary-expr","locations":[{"start":{"line":63,"column":21},"end":{"line":63,"column":39}},{"start":{"line":64,"column":24},"end":{"line":86,"column":34}}],"line":63},"2":{"loc":{"start":{"line":101,"column":21},"end":{"line":125,"column":21}},"type":"binary-expr","locations":[{"start":{"line":101,"column":21},"end":{"line":101,"column":38}},{"start":{"line":102,"column":24},"end":{"line":124,"column":34}}],"line":101},"3":{"loc":{"start":{"line":127,"column":21},"end":{"line":151,"column":21}},"type":"binary-expr","locations":[{"start":{"line":127,"column":21},"end":{"line":127,"column":39}},{"start":{"line":128,"column":24},"end":{"line":150,"column":34}}],"line":127},"4":{"loc":{"start":{"line":158,"column":8},"end":{"line":160,"column":28}},"type":"cond-expr","locations":[{"start":{"line":159,"column":14},"end":{"line":159,"column":29}},{"start":{"line":160,"column":14},"end":{"line":160,"column":28}}],"line":158}},"s":{"0":0,"1":0,"2":0,"3":0,"4":0,"5":0,"6":0,"7":0,"8":0,"9":0,"10":0,"11":0,"12":0,"13":0,"14":0,"15":0,"16":0,"17":0},"f":{"0":0,"1":0,"2":0,"3":0,"4":0,"5":0,"6":0,"7":0,"8":0},"b":{"0":[0,0],"1":[0,0],"2":[0,0],"3":[0,0],"4":[0,0]}}
,"/Users/eugene/Documents/GitHub/react-freetogame/frontend/src/components/FindGame/FindGame.tsx": {"path":"/Users/eugene/Documents/GitHub/react-freetogame/frontend/src/components/FindGame/FindGame.tsx","statementMap":{"0":{"start":{"line":13,"column":21},"end":{"line":300,"column":1}},"1":{"start":{"line":14,"column":21},"end":{"line":14,"column":37}},"2":{"start":{"line":15,"column":18},"end":{"line":15,"column":73}},"3":{"start":{"line":15,"column":55},"end":{"line":15,"column":72}},"4":{"start":{"line":17,"column":21},"end":{"line":17,"column":34}},"5":{"start":{"line":19,"column":46},"end":{"line":19,"column":66}},"6":{"start":{"line":20,"column":44},"end":{"line":20,"column":64}},"7":{"start":{"line":21,"column":52},"end":{"line":21,"column":72}},"8":{"start":{"line":22,"column":40},"end":{"line":22,"column":60}},"9":{"start":{"line":23,"column":40},"end":{"line":23,"column":64}},"10":{"start":{"line":24,"column":27},"end":{"line":24,"column":64}},"11":{"start":{"line":25,"column":32},"end":{"line":25,"column":52}},"12":{"start":{"line":27,"column":23},"end":{"line":27,"column":24}},"13":{"start":{"line":29,"column":25},"end":{"line":29,"column":26}},"14":{"start":{"line":30,"column":42},"end":{"line":30,"column":61}},"15":{"start":{"line":31,"column":23},"end":{"line":31,"column":55}},"16":{"start":{"line":32,"column":21},"end":{"line":32,"column":46}},"17":{"start":{"line":34,"column":4},"end":{"line":39,"column":21}},"18":{"start":{"line":35,"column":8},"end":{"line":38,"column":9}},"19":{"start":{"line":36,"column":12},"end":{"line":36,"column":43}},"20":{"start":{"line":37,"column":12},"end":{"line":37,"column":33}},"21":{"start":{"line":41,"column":24},"end":{"line":45,"column":5}},"22":{"start":{"line":47,"column":35},"end":{"line":47,"column":94}},"23":{"start":{"line":47,"column":81},"end":{"line":47,"column":91}},"24":{"start":{"line":48,"column":38},"end":{"line":48,"column":100}},"25":{"start":{"line":48,"column":84},"end":{"line":48,"column":97}},"26":{"start":{"line":50,"column":26},"end":{"line":66,"column":10}},"27":{"start":{"line":52,"column":32},"end":{"line":52,"column":91}},"28":{"start":{"line":53,"column":31},"end":{"line":53,"column":83}},"29":{"start":{"line":54,"column":34},"end":{"line":54,"column":95}},"30":{"start":{"line":55,"column":12},"end":{"line":55,"column":62}},"31":{"start":{"line":58,"column":12},"end":{"line":64,"column":13}},"32":{"start":{"line":59,"column":16},"end":{"line":59,"column":95}},"33":{"start":{"line":60,"column":19},"end":{"line":64,"column":13}},"34":{"start":{"line":61,"column":16},"end":{"line":61,"column":62}},"35":{"start":{"line":62,"column":19},"end":{"line":64,"column":13}},"36":{"start":{"line":63,"column":16},"end":{"line":63,"column":62}},"37":{"start":{"line":65,"column":12},"end":{"line":65,"column":21}},"38":{"start":{"line":68,"column":23},"end":{"line":68,"column":69}},"39":{"start":{"line":70,"column":29},"end":{"line":72,"column":5}},"40":{"start":{"line":71,"column":8},"end":{"line":71,"column":29}},"41":{"start":{"line":74,"column":20},"end":{"line":74,"column":75}},"42":{"start":{"line":75,"column":20},"end":{"line":75,"column":70}},"43":{"start":{"line":76,"column":27},"end":{"line":76,"column":74}},"44":{"start":{"line":78,"column":27},"end":{"line":80,"column":5}},"45":{"start":{"line":79,"column":8},"end":{"line":79,"column":60}},"46":{"start":{"line":82,"column":23},"end":{"line":85,"column":5}},"47":{"start":{"line":83,"column":32},"end":{"line":83,"column":82}},"48":{"start":{"line":84,"column":8},"end":{"line":84,"column":73}},"49":{"start":{"line":87,"column":22},"end":{"line":89,"column":6}},"50":{"start":{"line":91,"column":4},"end":{"line":299,"column":5}},"51":{"start":{"line":100,"column":28},"end":{"line":100,"column":58}},"52":{"start":{"line":101,"column":28},"end":{"line":101,"column":60}},"53":{"start":{"line":103,"column":39},"end":{"line":103,"column":58}},"54":{"start":{"line":110,"column":41},"end":{"line":110,"column":72}},"55":{"start":{"line":114,"column":28},"end":{"line":116,"column":37}},"56":{"start":{"line":124,"column":41},"end":{"line":124,"column":73}},"57":{"start":{"line":129,"column":28},"end":{"line":134,"column":37}},"58":{"start":{"line":142,"column":41},"end":{"line":142,"column":76}},"59":{"start":{"line":146,"column":28},"end":{"line":151,"column":37}},"60":{"start":{"line":163,"column":42},"end":{"line":163,"column":70}},"61":{"start":{"line":164,"column":44},"end":{"line":164,"column":67}},"62":{"start":{"line":166,"column":28},"end":{"line":238,"column":29}},"63":{"start":{"line":167,"column":82},"end":{"line":167,"column":102}},"64":{"start":{"line":181,"column":68},"end":{"line":188,"column":75}},"65":{"start":{"line":263,"column":47},"end":{"line":263,"column":66}},"66":{"start":{"line":274,"column":28},"end":{"line":280,"column":37}},"67":{"start":{"line":277,"column":47},"end":{"line":277,"column":82}},"68":{"start":{"line":290,"column":47},"end":{"line":290,"column":75}}},"fnMap":{"0":{"name":"(anonymous_0)","decl":{"start":{"line":13,"column":21},"end":{"line":13,"column":22}},"loc":{"start":{"line":13,"column":27},"end":{"line":300,"column":1}},"line":13},"1":{"name":"(anonymous_1)","decl":{"start":{"line":15,"column":33},"end":{"line":15,"column":34}},"loc":{"start":{"line":15,"column":55},"end":{"line":15,"column":72}},"line":15},"2":{"name":"(anonymous_2)","decl":{"start":{"line":34,"column":14},"end":{"line":34,"column":15}},"loc":{"start":{"line":34,"column":20},"end":{"line":39,"column":5}},"line":34},"3":{"name":"(anonymous_3)","decl":{"start":{"line":47,"column":64},"end":{"line":47,"column":65}},"loc":{"start":{"line":47,"column":81},"end":{"line":47,"column":91}},"line":47},"4":{"name":"(anonymous_4)","decl":{"start":{"line":48,"column":67},"end":{"line":48,"column":68}},"loc":{"start":{"line":48,"column":84},"end":{"line":48,"column":97}},"line":48},"5":{"name":"(anonymous_5)","decl":{"start":{"line":51,"column":16},"end":{"line":51,"column":17}},"loc":{"start":{"line":51,"column":33},"end":{"line":56,"column":9}},"line":51},"6":{"name":"(anonymous_6)","decl":{"start":{"line":57,"column":14},"end":{"line":57,"column":15}},"loc":{"start":{"line":57,"column":38},"end":{"line":66,"column":9}},"line":57},"7":{"name":"(anonymous_7)","decl":{"start":{"line":70,"column":29},"end":{"line":70,"column":30}},"loc":{"start":{"line":70,"column":47},"end":{"line":72,"column":5}},"line":70},"8":{"name":"(anonymous_8)","decl":{"start":{"line":78,"column":27},"end":{"line":78,"column":28}},"loc":{"start":{"line":78,"column":44},"end":{"line":80,"column":5}},"line":78},"9":{"name":"(anonymous_9)","decl":{"start":{"line":82,"column":23},"end":{"line":82,"column":24}},"loc":{"start":{"line":82,"column":47},"end":{"line":85,"column":5}},"line":82},"10":{"name":"(anonymous_10)","decl":{"start":{"line":99,"column":34},"end":{"line":99,"column":35}},"loc":{"start":{"line":99,"column":41},"end":{"line":102,"column":25}},"line":99},"11":{"name":"(anonymous_11)","decl":{"start":{"line":103,"column":33},"end":{"line":103,"column":34}},"loc":{"start":{"line":103,"column":39},"end":{"line":103,"column":58}},"line":103},"12":{"name":"(anonymous_12)","decl":{"start":{"line":110,"column":34},"end":{"line":110,"column":35}},"loc":{"start":{"line":110,"column":41},"end":{"line":110,"column":72}},"line":110},"13":{"name":"(anonymous_13)","decl":{"start":{"line":113,"column":41},"end":{"line":113,"column":42}},"loc":{"start":{"line":114,"column":28},"end":{"line":116,"column":37}},"line":114},"14":{"name":"(anonymous_14)","decl":{"start":{"line":124,"column":34},"end":{"line":124,"column":35}},"loc":{"start":{"line":124,"column":41},"end":{"line":124,"column":73}},"line":124},"15":{"name":"(anonymous_15)","decl":{"start":{"line":128,"column":58},"end":{"line":128,"column":59}},"loc":{"start":{"line":129,"column":28},"end":{"line":134,"column":37}},"line":129},"16":{"name":"(anonymous_16)","decl":{"start":{"line":142,"column":34},"end":{"line":142,"column":35}},"loc":{"start":{"line":142,"column":41},"end":{"line":142,"column":76}},"line":142},"17":{"name":"(anonymous_17)","decl":{"start":{"line":145,"column":64},"end":{"line":145,"column":65}},"loc":{"start":{"line":146,"column":28},"end":{"line":151,"column":37}},"line":146},"18":{"name":"(anonymous_18)","decl":{"start":{"line":162,"column":70},"end":{"line":162,"column":71}},"loc":{"start":{"line":162,"column":87},"end":{"line":239,"column":25}},"line":162},"19":{"name":"(anonymous_19)","decl":{"start":{"line":167,"column":74},"end":{"line":167,"column":75}},"loc":{"start":{"line":167,"column":80},"end":{"line":167,"column":104}},"line":167},"20":{"name":"(anonymous_20)","decl":{"start":{"line":180,"column":98},"end":{"line":180,"column":99}},"loc":{"start":{"line":181,"column":68},"end":{"line":188,"column":75}},"line":181},"21":{"name":"(anonymous_21)","decl":{"start":{"line":263,"column":41},"end":{"line":263,"column":42}},"loc":{"start":{"line":263,"column":47},"end":{"line":263,"column":66}},"line":263},"22":{"name":"(anonymous_22)","decl":{"start":{"line":273,"column":73},"end":{"line":273,"column":74}},"loc":{"start":{"line":274,"column":28},"end":{"line":280,"column":37}},"line":274},"23":{"name":"(anonymous_23)","decl":{"start":{"line":277,"column":41},"end":{"line":277,"column":42}},"loc":{"start":{"line":277,"column":47},"end":{"line":277,"column":82}},"line":277},"24":{"name":"(anonymous_24)","decl":{"start":{"line":290,"column":41},"end":{"line":290,"column":42}},"loc":{"start":{"line":290,"column":47},"end":{"line":290,"column":75}},"line":290}},"branchMap":{"0":{"loc":{"start":{"line":35,"column":8},"end":{"line":38,"column":9}},"type":"if","locations":[{"start":{"line":35,"column":8},"end":{"line":38,"column":9}},{"start":{},"end":{}}],"line":35},"1":{"loc":{"start":{"line":35,"column":12},"end":{"line":35,"column":48}},"type":"binary-expr","locations":[{"start":{"line":35,"column":12},"end":{"line":35,"column":22}},{"start":{"line":35,"column":26},"end":{"line":35,"column":48}}],"line":35},"2":{"loc":{"start":{"line":53,"column":31},"end":{"line":53,"column":83}},"type":"binary-expr","locations":[{"start":{"line":53,"column":31},"end":{"line":53,"column":51}},{"start":{"line":53,"column":55},"end":{"line":53,"column":83}}],"line":53},"3":{"loc":{"start":{"line":54,"column":34},"end":{"line":54,"column":95}},"type":"binary-expr","locations":[{"start":{"line":54,"column":34},"end":{"line":54,"column":57}},{"start":{"line":54,"column":61},"end":{"line":54,"column":95}}],"line":54},"4":{"loc":{"start":{"line":55,"column":19},"end":{"line":55,"column":61}},"type":"binary-expr","locations":[{"start":{"line":55,"column":19},"end":{"line":55,"column":30}},{"start":{"line":55,"column":34},"end":{"line":55,"column":44}},{"start":{"line":55,"column":48},"end":{"line":55,"column":61}}],"line":55},"5":{"loc":{"start":{"line":58,"column":12},"end":{"line":64,"column":13}},"type":"if","locations":[{"start":{"line":58,"column":12},"end":{"line":64,"column":13}},{"start":{"line":60,"column":19},"end":{"line":64,"column":13}}],"line":58},"6":{"loc":{"start":{"line":60,"column":19},"end":{"line":64,"column":13}},"type":"if","locations":[{"start":{"line":60,"column":19},"end":{"line":64,"column":13}},{"start":{"line":62,"column":19},"end":{"line":64,"column":13}}],"line":60},"7":{"loc":{"start":{"line":62,"column":19},"end":{"line":64,"column":13}},"type":"if","locations":[{"start":{"line":62,"column":19},"end":{"line":64,"column":13}},{"start":{},"end":{}}],"line":62},"8":{"loc":{"start":{"line":76,"column":27},"end":{"line":76,"column":74}},"type":"binary-expr","locations":[{"start":{"line":76,"column":27},"end":{"line":76,"column":53}},{"start":{"line":76,"column":57},"end":{"line":76,"column":74}}],"line":76},"9":{"loc":{"start":{"line":128,"column":25},"end":{"line":135,"column":26}},"type":"binary-expr","locations":[{"start":{"line":128,"column":25},"end":{"line":128,"column":37}},{"start":{"line":128,"column":41},"end":{"line":135,"column":26}}],"line":128},"10":{"loc":{"start":{"line":145,"column":25},"end":{"line":152,"column":26}},"type":"binary-expr","locations":[{"start":{"line":145,"column":25},"end":{"line":145,"column":40}},{"start":{"line":145,"column":44},"end":{"line":152,"column":26}}],"line":145},"11":{"loc":{"start":{"line":157,"column":21},"end":{"line":240,"column":21}},"type":"cond-expr","locations":[{"start":{"line":158,"column":24},"end":{"line":160,"column":30}},{"start":{"line":162,"column":24},"end":{"line":239,"column":26}}],"line":157},"12":{"loc":{"start":{"line":178,"column":57},"end":{"line":193,"column":57}},"type":"cond-expr","locations":[{"start":{"line":179,"column":60},"end":{"line":190,"column":63}},{"start":{"line":192,"column":60},"end":{"line":192,"column":85}}],"line":178},"13":{"loc":{"start":{"line":178,"column":57},"end":{"line":178,"column":78}},"type":"binary-expr","locations":[{"start":{"line":178,"column":57},"end":{"line":178,"column":67}},{"start":{"line":178,"column":71},"end":{"line":178,"column":78}}],"line":178},"14":{"loc":{"start":{"line":182,"column":73},"end":{"line":186,"column":73}},"type":"binary-expr","locations":[{"start":{"line":182,"column":73},"end":{"line":182,"column":82}},{"start":{"line":183,"column":76},"end":{"line":185,"column":83}}],"line":182},"15":{"loc":{"start":{"line":197,"column":53},"end":{"line":205,"column":63}},"type":"cond-expr","locations":[{"start":{"line":198,"column":58},"end":{"line":198,"column":94}},{"start":{"line":199,"column":58},"end":{"line":205,"column":63}}],"line":197},"16":{"loc":{"start":{"line":199,"column":58},"end":{"line":205,"column":63}},"type":"cond-expr","locations":[{"start":{"line":200,"column":62},"end":{"line":200,"column":105}},{"start":{"line":202,"column":60},"end":{"line":205,"column":63}}],"line":199},"17":{"loc":{"start":{"line":231,"column":41},"end":{"line":235,"column":41}},"type":"binary-expr","locations":[{"start":{"line":231,"column":41},"end":{"line":231,"column":51}},{"start":{"line":232,"column":44},"end":{"line":234,"column":50}}],"line":231},"18":{"loc":{"start":{"line":245,"column":25},"end":{"line":255,"column":38}},"type":"cond-expr","locations":[{"start":{"line":246,"column":30},"end":{"line":250,"column":38}},{"start":{"line":251,"column":30},"end":{"line":255,"column":38}}],"line":245},"19":{"loc":{"start":{"line":252,"column":54},"end":{"line":252,"column":134}},"type":"cond-expr","locations":[{"start":{"line":252,"column":66},"end":{"line":252,"column":118}},{"start":{"line":252,"column":121},"end":{"line":252,"column":134}}],"line":252},"20":{"loc":{"start":{"line":260,"column":25},"end":{"line":267,"column":25}},"type":"binary-expr","locations":[{"start":{"line":260,"column":25},"end":{"line":260,"column":38}},{"start":{"line":261,"column":28},"end":{"line":266,"column":37}}],"line":260},"21":{"loc":{"start":{"line":269,"column":25},"end":{"line":271,"column":25}},"type":"binary-expr","locations":[{"start":{"line":269,"column":25},"end":{"line":269,"column":38}},{"start":{"line":270,"column":28},"end":{"line":270,"column":72}}],"line":269},"22":{"loc":{"start":{"line":276,"column":73},"end":{"line":276,"column":127}},"type":"cond-expr","locations":[{"start":{"line":276,"column":109},"end":{"line":276,"column":122}},{"start":{"line":276,"column":125},"end":{"line":276,"column":127}}],"line":276},"23":{"loc":{"start":{"line":283,"column":25},"end":{"line":285,"column":25}},"type":"binary-expr","locations":[{"start":{"line":283,"column":25},"end":{"line":283,"column":49}},{"start":{"line":284,"column":28},"end":{"line":284,"column":72}}],"line":283},"24":{"loc":{"start":{"line":287,"column":25},"end":{"line":294,"column":25}},"type":"binary-expr","locations":[{"start":{"line":287,"column":25},"end":{"line":287,"column":45}},{"start":{"line":288,"column":28},"end":{"line":293,"column":37}}],"line":287}},"s":{"0":0,"1":0,"2":0,"3":0,"4":0,"5":0,"6":0,"7":0,"8":0,"9":0,"10":0,"11":0,"12":0,"13":0,"14":0,"15":0,"16":0,"17":0,"18":0,"19":0,"20":0,"21":0,"22":0,"23":0,"24":0,"25":0,"26":0,"27":0,"28":0,"29":0,"30":0,"31":0,"32":0,"33":0,"34":0,"35":0,"36":0,"37":0,"38":0,"39":0,"40":0,"41":0,"42":0,"43":0,"44":0,"45":0,"46":0,"47":0,"48":0,"49":0,"50":0,"51":0,"52":0,"53":0,"54":0,"55":0,"56":0,"57":0,"58":0,"59":0,"60":0,"61":0,"62":0,"63":0,"64":0,"65":0,"66":0,"67":0,"68":0},"f":{"0":0,"1":0,"2":0,"3":0,"4":0,"5":0,"6":0,"7":0,"8":0,"9":0,"10":0,"11":0,"12":0,"13":0,"14":0,"15":0,"16":0,"17":0,"18":0,"19":0,"20":0,"21":0,"22":0,"23":0,"24":0},"b":{"0":[0,0],"1":[0,0],"2":[0,0],"3":[0,0],"4":[0,0,0],"5":[0,0],"6":[0,0],"7":[0,0],"8":[0,0],"9":[0,0],"10":[0,0],"11":[0,0],"12":[0,0],"13":[0,0],"14":[0,0],"15":[0,0],"16":[0,0],"17":[0,0],"18":[0,0],"19":[0,0],"20":[0,0],"21":[0,0],"22":[0,0],"23":[0,0],"24":[0,0]}}
,"/Users/eugene/Documents/GitHub/react-freetogame/frontend/src/components/GameAdditionalInformation/GameAdditionalInformation.tsx": {"path":"/Users/eugene/Documents/GitHub/react-freetogame/frontend/src/components/GameAdditionalInformation/GameAdditionalInformation.tsx","statementMap":{"0":{"start":{"line":9,"column":38},"end":{"line":96,"column":1}},"1":{"start":{"line":10,"column":17},"end":{"line":10,"column":84}},"2":{"start":{"line":10,"column":68},"end":{"line":10,"column":83}},"3":{"start":{"line":11,"column":23},"end":{"line":14,"column":5}},"4":{"start":{"line":12,"column":32},"end":{"line":12,"column":82}},"5":{"start":{"line":13,"column":8},"end":{"line":13,"column":73}},"6":{"start":{"line":16,"column":4},"end":{"line":95,"column":5}}},"fnMap":{"0":{"name":"(anonymous_0)","decl":{"start":{"line":9,"column":38},"end":{"line":9,"column":39}},"loc":{"start":{"line":9,"column":44},"end":{"line":96,"column":1}},"line":9},"1":{"name":"(anonymous_1)","decl":{"start":{"line":10,"column":32},"end":{"line":10,"column":33}},"loc":{"start":{"line":10,"column":68},"end":{"line":10,"column":83}},"line":10},"2":{"name":"(anonymous_2)","decl":{"start":{"line":11,"column":23},"end":{"line":11,"column":24}},"loc":{"start":{"line":11,"column":47},"end":{"line":14,"column":5}},"line":11}},"branchMap":{"0":{"loc":{"start":{"line":74,"column":28},"end":{"line":88,"column":35}},"type":"cond-expr","locations":[{"start":{"line":76,"column":28},"end":{"line":78,"column":31}},{"start":{"line":79,"column":30},"end":{"line":88,"column":35}}],"line":74},"1":{"loc":{"start":{"line":79,"column":30},"end":{"line":88,"column":35}},"type":"cond-expr","locations":[{"start":{"line":81,"column":32},"end":{"line":83,"column":35}},{"start":{"line":85,"column":32},"end":{"line":88,"column":35}}],"line":79}},"s":{"0":0,"1":0,"2":0,"3":0,"4":0,"5":0,"6":0},"f":{"0":0,"1":0,"2":0},"b":{"0":[0,0],"1":[0,0]}}
,"/Users/eugene/Documents/GitHub/react-freetogame/frontend/src/components/GameCarousel/GameCarousel.tsx": {"path":"/Users/eugene/Documents/GitHub/react-freetogame/frontend/src/components/GameCarousel/GameCarousel.tsx","statementMap":{"0":{"start":{"line":7,"column":25},"end":{"line":19,"column":1}},"1":{"start":{"line":8,"column":17},"end":{"line":8,"column":93}},"2":{"start":{"line":8,"column":77},"end":{"line":8,"column":92}},"3":{"start":{"line":10,"column":4},"end":{"line":18,"column":5}}},"fnMap":{"0":{"name":"(anonymous_0)","decl":{"start":{"line":7,"column":25},"end":{"line":7,"column":26}},"loc":{"start":{"line":7,"column":31},"end":{"line":19,"column":1}},"line":7},"1":{"name":"(anonymous_1)","decl":{"start":{"line":8,"column":32},"end":{"line":8,"column":33}},"loc":{"start":{"line":8,"column":77},"end":{"line":8,"column":92}},"line":8}},"branchMap":{},"s":{"0":0,"1":0,"2":0,"3":0},"f":{"0":0,"1":0},"b":{}}
,"/Users/eugene/Documents/GitHub/react-freetogame/frontend/src/components/GameChat/GameChat.tsx": {"path":"/Users/eugene/Documents/GitHub/react-freetogame/frontend/src/components/GameChat/GameChat.tsx","statementMap":{"0":{"start":{"line":7,"column":21},"end":{"line":35,"column":1}},"1":{"start":{"line":8,"column":34},"end":{"line":8,"column":46}},"2":{"start":{"line":9,"column":36},"end":{"line":9,"column":51}},"3":{"start":{"line":11,"column":30},"end":{"line":15,"column":5}},"4":{"start":{"line":12,"column":8},"end":{"line":12,"column":60}},"5":{"start":{"line":13,"column":8},"end":{"line":13,"column":34}},"6":{"start":{"line":14,"column":8},"end":{"line":14,"column":23}},"7":{"start":{"line":17,"column":4},"end":{"line":34,"column":5}},"8":{"start":{"line":27,"column":33},"end":{"line":27,"column":59}}},"fnMap":{"0":{"name":"(anonymous_0)","decl":{"start":{"line":7,"column":21},"end":{"line":7,"column":22}},"loc":{"start":{"line":7,"column":27},"end":{"line":35,"column":1}},"line":7},"1":{"name":"(anonymous_1)","decl":{"start":{"line":11,"column":30},"end":{"line":11,"column":31}},"loc":{"start":{"line":11,"column":36},"end":{"line":15,"column":5}},"line":11},"2":{"name":"(anonymous_2)","decl":{"start":{"line":27,"column":26},"end":{"line":27,"column":27}},"loc":{"start":{"line":27,"column":33},"end":{"line":27,"column":59}},"line":27}},"branchMap":{},"s":{"0":0,"1":0,"2":0,"3":0,"4":0,"5":0,"6":0,"7":0,"8":0},"f":{"0":0,"1":0,"2":0},"b":{}}
,"/Users/eugene/Documents/GitHub/react-freetogame/frontend/src/components/GameDescription/GameDescription.tsx": {"path":"/Users/eugene/Documents/GitHub/react-freetogame/frontend/src/components/GameDescription/GameDescription.tsx","statementMap":{"0":{"start":{"line":9,"column":28},"end":{"line":64,"column":1}},"1":{"start":{"line":10,"column":17},"end":{"line":10,"column":93}},"2":{"start":{"line":10,"column":77},"end":{"line":10,"column":92}},"3":{"start":{"line":11,"column":60},"end":{"line":11,"column":75}},"4":{"start":{"line":13,"column":30},"end":{"line":15,"column":5}},"5":{"start":{"line":14,"column":8},"end":{"line":14,"column":55}},"6":{"start":{"line":17,"column":4},"end":{"line":63,"column":5}},"7":{"start":{"line":31,"column":32},"end":{"line":33,"column":36}}},"fnMap":{"0":{"name":"(anonymous_0)","decl":{"start":{"line":9,"column":28},"end":{"line":9,"column":29}},"loc":{"start":{"line":9,"column":34},"end":{"line":64,"column":1}},"line":9},"1":{"name":"(anonymous_1)","decl":{"start":{"line":10,"column":32},"end":{"line":10,"column":33}},"loc":{"start":{"line":10,"column":77},"end":{"line":10,"column":92}},"line":10},"2":{"name":"(anonymous_2)","decl":{"start":{"line":13,"column":30},"end":{"line":13,"column":31}},"loc":{"start":{"line":13,"column":36},"end":{"line":15,"column":5}},"line":13},"3":{"name":"(anonymous_3)","decl":{"start":{"line":30,"column":64},"end":{"line":30,"column":65}},"loc":{"start":{"line":31,"column":32},"end":{"line":33,"column":36}},"line":31}},"branchMap":{"0":{"loc":{"start":{"line":24,"column":61},"end":{"line":24,"column":119}},"type":"cond-expr","locations":[{"start":{"line":24,"column":85},"end":{"line":24,"column":100}},{"start":{"line":24,"column":103},"end":{"line":24,"column":119}}],"line":24},"1":{"loc":{"start":{"line":27,"column":17},"end":{"line":40,"column":22}},"type":"binary-expr","locations":[{"start":{"line":27,"column":17},"end":{"line":27,"column":33}},{"start":{"line":28,"column":21},"end":{"line":40,"column":21}}],"line":27},"2":{"loc":{"start":{"line":28,"column":21},"end":{"line":40,"column":21}},"type":"cond-expr","locations":[{"start":{"line":29,"column":24},"end":{"line":35,"column":30}},{"start":{"line":37,"column":24},"end":{"line":39,"column":30}}],"line":28},"3":{"loc":{"start":{"line":44,"column":21},"end":{"line":54,"column":25}},"type":"cond-expr","locations":[{"start":{"line":46,"column":28},"end":{"line":48,"column":31}},{"start":{"line":51,"column":28},"end":{"line":53,"column":31}}],"line":44}},"s":{"0":0,"1":0,"2":0,"3":0,"4":0,"5":0,"6":0,"7":0},"f":{"0":0,"1":0,"2":0,"3":0},"b":{"0":[0,0],"1":[0,0],"2":[0,0],"3":[0,0]}}
,"/Users/eugene/Documents/GitHub/react-freetogame/frontend/src/components/GameHeader/GameHeader.tsx": {"path":"/Users/eugene/Documents/GitHub/react-freetogame/frontend/src/components/GameHeader/GameHeader.tsx","statementMap":{"0":{"start":{"line":11,"column":30},"end":{"line":86,"column":1}},"1":{"start":{"line":12,"column":17},"end":{"line":12,"column":93}},"2":{"start":{"line":12,"column":77},"end":{"line":12,"column":92}},"3":{"start":{"line":14,"column":25},"end":{"line":14,"column":56}},"4":{"start":{"line":15,"column":27},"end":{"line":15,"column":56}},"5":{"start":{"line":16,"column":30},"end":{"line":16,"column":62}},"6":{"start":{"line":17,"column":29},"end":{"line":17,"column":60}},"7":{"start":{"line":18,"column":26},"end":{"line":18,"column":57}},"8":{"start":{"line":20,"column":23},"end":{"line":20,"column":53}},"9":{"start":{"line":21,"column":23},"end":{"line":21,"column":53}},"10":{"start":{"line":22,"column":23},"end":{"line":22,"column":53}},"11":{"start":{"line":24,"column":22},"end":{"line":26,"column":6}},"12":{"start":{"line":28,"column":4},"end":{"line":85,"column":5}}},"fnMap":{"0":{"name":"(anonymous_0)","decl":{"start":{"line":11,"column":30},"end":{"line":11,"column":31}},"loc":{"start":{"line":11,"column":36},"end":{"line":86,"column":1}},"line":11},"1":{"name":"(anonymous_1)","decl":{"start":{"line":12,"column":32},"end":{"line":12,"column":33}},"loc":{"start":{"line":12,"column":77},"end":{"line":12,"column":92}},"line":12}},"branchMap":{"0":{"loc":{"start":{"line":31,"column":13},"end":{"line":49,"column":13}},"type":"binary-expr","locations":[{"start":{"line":31,"column":13},"end":{"line":31,"column":23}},{"start":{"line":32,"column":16},"end":{"line":48,"column":19}}],"line":31},"1":{"loc":{"start":{"line":52,"column":21},"end":{"line":58,"column":117}},"type":"cond-expr","locations":[{"start":{"line":53,"column":26},"end":{"line":53,"column":112}},{"start":{"line":54,"column":26},"end":{"line":58,"column":117}}],"line":52},"2":{"loc":{"start":{"line":54,"column":26},"end":{"line":58,"column":117}},"type":"cond-expr","locations":[{"start":{"line":55,"column":30},"end":{"line":55,"column":113}},{"start":{"line":56,"column":30},"end":{"line":58,"column":117}}],"line":54},"3":{"loc":{"start":{"line":56,"column":30},"end":{"line":58,"column":117}},"type":"cond-expr","locations":[{"start":{"line":57,"column":34},"end":{"line":57,"column":121}},{"start":{"line":58,"column":34},"end":{"line":58,"column":117}}],"line":56}},"s":{"0":0,"1":0,"2":0,"3":0,"4":0,"5":0,"6":0,"7":0,"8":0,"9":0,"10":0,"11":0,"12":0},"f":{"0":0,"1":0},"b":{"0":[0,0],"1":[0,0],"2":[0,0],"3":[0,0]}}
,"/Users/eugene/Documents/GitHub/react-freetogame/frontend/src/components/GameLeftSide/GameLeftSide.tsx": {"path":"/Users/eugene/Documents/GitHub/react-freetogame/frontend/src/components/GameLeftSide/GameLeftSide.tsx","statementMap":{"0":{"start":{"line":10,"column":25},"end":{"line":48,"column":1}},"1":{"start":{"line":11,"column":17},"end":{"line":11,"column":93}},"2":{"start":{"line":11,"column":77},"end":{"line":11,"column":92}},"3":{"start":{"line":13,"column":22},"end":{"line":15,"column":6}},"4":{"start":{"line":17,"column":4},"end":{"line":47,"column":5}}},"fnMap":{"0":{"name":"(anonymous_0)","decl":{"start":{"line":10,"column":25},"end":{"line":10,"column":26}},"loc":{"start":{"line":10,"column":31},"end":{"line":48,"column":1}},"line":10},"1":{"name":"(anonymous_1)","decl":{"start":{"line":11,"column":32},"end":{"line":11,"column":33}},"loc":{"start":{"line":11,"column":77},"end":{"line":11,"column":92}},"line":11}},"branchMap":{"0":{"loc":{"start":{"line":19,"column":13},"end":{"line":44,"column":17}},"type":"binary-expr","locations":[{"start":{"line":19,"column":13},"end":{"line":19,"column":22}},{"start":{"line":21,"column":20},"end":{"line":43,"column":30}}],"line":19}},"s":{"0":0,"1":0,"2":0,"3":0,"4":0},"f":{"0":0,"1":0},"b":{"0":[0,0]}}
,"/Users/eugene/Documents/GitHub/react-freetogame/frontend/src/components/GameRightSide/GameRightSide.tsx": {"path":"/Users/eugene/Documents/GitHub/react-freetogame/frontend/src/components/GameRightSide/GameRightSide.tsx","statementMap":{"0":{"start":{"line":10,"column":23},"end":{"line":20,"column":1}},"1":{"start":{"line":11,"column":4},"end":{"line":19,"column":10}},"2":{"start":{"line":22,"column":26},"end":{"line":33,"column":1}},"3":{"start":{"line":23,"column":4},"end":{"line":32,"column":5}}},"fnMap":{"0":{"name":"(anonymous_0)","decl":{"start":{"line":10,"column":23},"end":{"line":10,"column":24}},"loc":{"start":{"line":11,"column":4},"end":{"line":19,"column":10}},"line":11},"1":{"name":"(anonymous_1)","decl":{"start":{"line":22,"column":26},"end":{"line":22,"column":27}},"loc":{"start":{"line":22,"column":32},"end":{"line":33,"column":1}},"line":22}},"branchMap":{},"s":{"0":0,"1":0,"2":0,"3":0},"f":{"0":0,"1":0},"b":{}}
,"/Users/eugene/Documents/GitHub/react-freetogame/frontend/src/components/GameSystemRequirements/GameSystemRequirements.tsx": {"path":"/Users/eugene/Documents/GitHub/react-freetogame/frontend/src/components/GameSystemRequirements/GameSystemRequirements.tsx","statementMap":{"0":{"start":{"line":6,"column":35},"end":{"line":155,"column":1}},"1":{"start":{"line":7,"column":17},"end":{"line":7,"column":91}},"2":{"start":{"line":7,"column":75},"end":{"line":7,"column":90}},"3":{"start":{"line":8,"column":4},"end":{"line":154,"column":5}}},"fnMap":{"0":{"name":"(anonymous_0)","decl":{"start":{"line":6,"column":35},"end":{"line":6,"column":36}},"loc":{"start":{"line":6,"column":41},"end":{"line":155,"column":1}},"line":6},"1":{"name":"(anonymous_1)","decl":{"start":{"line":7,"column":32},"end":{"line":7,"column":33}},"loc":{"start":{"line":7,"column":75},"end":{"line":7,"column":90}},"line":7}},"branchMap":{"0":{"loc":{"start":{"line":10,"column":13},"end":{"line":151,"column":52}},"type":"cond-expr","locations":[{"start":{"line":12,"column":16},"end":{"line":77,"column":19}},{"start":{"line":78,"column":18},"end":{"line":151,"column":52}}],"line":10},"1":{"loc":{"start":{"line":10,"column":13},"end":{"line":10,"column":61}},"type":"binary-expr","locations":[{"start":{"line":10,"column":13},"end":{"line":10,"column":17}},{"start":{"line":10,"column":21},"end":{"line":10,"column":61}}],"line":10},"2":{"loc":{"start":{"line":78,"column":18},"end":{"line":151,"column":52}},"type":"cond-expr","locations":[{"start":{"line":80,"column":20},"end":{"line":140,"column":23}},{"start":{"line":141,"column":22},"end":{"line":151,"column":52}}],"line":78},"3":{"loc":{"start":{"line":141,"column":22},"end":{"line":151,"column":52}},"type":"cond-expr","locations":[{"start":{"line":143,"column":24},"end":{"line":150,"column":27}},{"start":{"line":151,"column":26},"end":{"line":151,"column":52}}],"line":141}},"s":{"0":0,"1":0,"2":0,"3":0},"f":{"0":0,"1":0},"b":{"0":[0,0],"1":[0,0],"2":[0,0],"3":[0,0]}}
,"/Users/eugene/Documents/GitHub/react-freetogame/frontend/src/components/GetStarted/GetStarted.tsx": {"path":"/Users/eugene/Documents/GitHub/react-freetogame/frontend/src/components/GetStarted/GetStarted.tsx","statementMap":{"0":{"start":{"line":5,"column":23},"end":{"line":53,"column":1}},"1":{"start":{"line":6,"column":22},"end":{"line":8,"column":6}},"2":{"start":{"line":10,"column":28},"end":{"line":26,"column":5}},"3":{"start":{"line":11,"column":8},"end":{"line":25,"column":9}},"4":{"start":{"line":28,"column":27},"end":{"line":46,"column":5}},"5":{"start":{"line":29,"column":8},"end":{"line":45,"column":9}},"6":{"start":{"line":48,"column":4},"end":{"line":52,"column":5}}},"fnMap":{"0":{"name":"(anonymous_0)","decl":{"start":{"line":5,"column":23},"end":{"line":5,"column":24}},"loc":{"start":{"line":5,"column":29},"end":{"line":53,"column":1}},"line":5},"1":{"name":"(anonymous_1)","decl":{"start":{"line":10,"column":28},"end":{"line":10,"column":29}},"loc":{"start":{"line":10,"column":34},"end":{"line":26,"column":5}},"line":10},"2":{"name":"(anonymous_2)","decl":{"start":{"line":28,"column":27},"end":{"line":28,"column":28}},"loc":{"start":{"line":28,"column":33},"end":{"line":46,"column":5}},"line":28}},"branchMap":{"0":{"loc":{"start":{"line":49,"column":8},"end":{"line":51,"column":28}},"type":"cond-expr","locations":[{"start":{"line":50,"column":14},"end":{"line":50,"column":29}},{"start":{"line":51,"column":14},"end":{"line":51,"column":28}}],"line":49}},"s":{"0":0,"1":0,"2":0,"3":0,"4":0,"5":0,"6":0},"f":{"0":0,"1":0,"2":0},"b":{"0":[0,0]}}
,"/Users/eugene/Documents/GitHub/react-freetogame/frontend/src/components/Modal/Modal.tsx": {"path":"/Users/eugene/Documents/GitHub/react-freetogame/frontend/src/components/Modal/Modal.tsx","statementMap":{"0":{"start":{"line":8,"column":30},"end":{"line":79,"column":1}},"1":{"start":{"line":9,"column":28},"end":{"line":9,"column":59}},"2":{"start":{"line":11,"column":66},"end":{"line":15,"column":5}},"3":{"start":{"line":12,"column":8},"end":{"line":14,"column":9}},"4":{"start":{"line":13,"column":12},"end":{"line":13,"column":30}},"5":{"start":{"line":17,"column":4},"end":{"line":29,"column":26}},"6":{"start":{"line":18,"column":45},"end":{"line":23,"column":9}},"7":{"start":{"line":19,"column":34},"end":{"line":19,"column":56}},"8":{"start":{"line":20,"column":12},"end":{"line":22,"column":13}},"9":{"start":{"line":21,"column":16},"end":{"line":21,"column":34}},"10":{"start":{"line":25,"column":8},"end":{"line":25,"column":60}},"11":{"start":{"line":26,"column":8},"end":{"line":28,"column":10}},"12":{"start":{"line":27,"column":12},"end":{"line":27,"column":67}},"13":{"start":{"line":31,"column":22},"end":{"line":33,"column":6}},"14":{"start":{"line":35,"column":28},"end":{"line":50,"column":5}},"15":{"start":{"line":36,"column":8},"end":{"line":49,"column":9}},"16":{"start":{"line":52,"column":27},"end":{"line":67,"column":5}},"17":{"start":{"line":53,"column":8},"end":{"line":66,"column":9}},"18":{"start":{"line":69,"column":4},"end":{"line":78,"column":6}}},"fnMap":{"0":{"name":"(anonymous_0)","decl":{"start":{"line":8,"column":30},"end":{"line":8,"column":31}},"loc":{"start":{"line":8,"column":65},"end":{"line":79,"column":1}},"line":8},"1":{"name":"(anonymous_1)","decl":{"start":{"line":11,"column":66},"end":{"line":11,"column":67}},"loc":{"start":{"line":11,"column":77},"end":{"line":15,"column":5}},"line":11},"2":{"name":"(anonymous_2)","decl":{"start":{"line":17,"column":14},"end":{"line":17,"column":15}},"loc":{"start":{"line":17,"column":20},"end":{"line":29,"column":5}},"line":17},"3":{"name":"(anonymous_3)","decl":{"start":{"line":18,"column":45},"end":{"line":18,"column":46}},"loc":{"start":{"line":18,"column":63},"end":{"line":23,"column":9}},"line":18},"4":{"name":"(anonymous_4)","decl":{"start":{"line":26,"column":15},"end":{"line":26,"column":16}},"loc":{"start":{"line":26,"column":21},"end":{"line":28,"column":9}},"line":26},"5":{"name":"(anonymous_5)","decl":{"start":{"line":35,"column":28},"end":{"line":35,"column":29}},"loc":{"start":{"line":35,"column":34},"end":{"line":50,"column":5}},"line":35},"6":{"name":"(anonymous_6)","decl":{"start":{"line":52,"column":27},"end":{"line":52,"column":28}},"loc":{"start":{"line":52,"column":33},"end":{"line":67,"column":5}},"line":52}},"branchMap":{"0":{"loc":{"start":{"line":12,"column":8},"end":{"line":14,"column":9}},"type":"if","locations":[{"start":{"line":12,"column":8},"end":{"line":14,"column":9}},{"start":{},"end":{}}],"line":12},"1":{"loc":{"start":{"line":20,"column":12},"end":{"line":22,"column":13}},"type":"if","locations":[{"start":{"line":20,"column":12},"end":{"line":22,"column":13}},{"start":{},"end":{}}],"line":20},"2":{"loc":{"start":{"line":40,"column":43},"end":{"line":40,"column":126}},"type":"cond-expr","locations":[{"start":{"line":40,"column":52},"end":{"line":40,"column":70}},{"start":{"line":40,"column":73},"end":{"line":40,"column":126}}],"line":40},"3":{"loc":{"start":{"line":41,"column":29},"end":{"line":41,"column":60}},"type":"binary-expr","locations":[{"start":{"line":41,"column":29},"end":{"line":41,"column":35}},{"start":{"line":41,"column":39},"end":{"line":41,"column":60}}],"line":41},"4":{"loc":{"start":{"line":57,"column":43},"end":{"line":57,"column":126}},"type":"cond-expr","locations":[{"start":{"line":57,"column":52},"end":{"line":57,"column":70}},{"start":{"line":57,"column":73},"end":{"line":57,"column":126}}],"line":57},"5":{"loc":{"start":{"line":58,"column":29},"end":{"line":58,"column":60}},"type":"binary-expr","locations":[{"start":{"line":58,"column":29},"end":{"line":58,"column":35}},{"start":{"line":58,"column":39},"end":{"line":58,"column":60}}],"line":58},"6":{"loc":{"start":{"line":72,"column":16},"end":{"line":74,"column":36}},"type":"cond-expr","locations":[{"start":{"line":73,"column":22},"end":{"line":73,"column":37}},{"start":{"line":74,"column":22},"end":{"line":74,"column":36}}],"line":72}},"s":{"0":0,"1":0,"2":0,"3":0,"4":0,"5":0,"6":0,"7":0,"8":0,"9":0,"10":0,"11":0,"12":0,"13":0,"14":0,"15":0,"16":0,"17":0,"18":0},"f":{"0":0,"1":0,"2":0,"3":0,"4":0,"5":0,"6":0},"b":{"0":[0,0],"1":[0,0],"2":[0,0],"3":[0,0],"4":[0,0],"5":[0,0],"6":[0,0]}}
,"/Users/eugene/Documents/GitHub/react-freetogame/frontend/src/components/ModalOverlay/ModalOverlay.tsx": {"path":"/Users/eugene/Documents/GitHub/react-freetogame/frontend/src/components/ModalOverlay/ModalOverlay.tsx","statementMap":{"0":{"start":{"line":6,"column":44},"end":{"line":12,"column":1}},"1":{"start":{"line":7,"column":31},"end":{"line":9,"column":5}},"2":{"start":{"line":8,"column":8},"end":{"line":8,"column":18}},"3":{"start":{"line":11,"column":4},"end":{"line":11,"column":79}}},"fnMap":{"0":{"name":"(anonymous_0)","decl":{"start":{"line":6,"column":44},"end":{"line":6,"column":45}},"loc":{"start":{"line":6,"column":61},"end":{"line":12,"column":1}},"line":6},"1":{"name":"(anonymous_1)","decl":{"start":{"line":7,"column":31},"end":{"line":7,"column":32}},"loc":{"start":{"line":7,"column":37},"end":{"line":9,"column":5}},"line":7}},"branchMap":{},"s":{"0":0,"1":0,"2":0,"3":0},"f":{"0":0,"1":0},"b":{}}
,"/Users/eugene/Documents/GitHub/react-freetogame/frontend/src/components/MoreFun/MoreFun.tsx": {"path":"/Users/eugene/Documents/GitHub/react-freetogame/frontend/src/components/MoreFun/MoreFun.tsx","statementMap":{"0":{"start":{"line":7,"column":20},"end":{"line":85,"column":1}},"1":{"start":{"line":8,"column":22},"end":{"line":10,"column":6}},"2":{"start":{"line":12,"column":28},"end":{"line":44,"column":5}},"3":{"start":{"line":13,"column":8},"end":{"line":43,"column":9}},"4":{"start":{"line":46,"column":27},"end":{"line":78,"column":5}},"5":{"start":{"line":47,"column":8},"end":{"line":77,"column":9}},"6":{"start":{"line":80,"column":4},"end":{"line":84,"column":5}}},"fnMap":{"0":{"name":"(anonymous_0)","decl":{"start":{"line":7,"column":20},"end":{"line":7,"column":21}},"loc":{"start":{"line":7,"column":26},"end":{"line":85,"column":1}},"line":7},"1":{"name":"(anonymous_1)","decl":{"start":{"line":12,"column":28},"end":{"line":12,"column":29}},"loc":{"start":{"line":12,"column":34},"end":{"line":44,"column":5}},"line":12},"2":{"name":"(anonymous_2)","decl":{"start":{"line":46,"column":27},"end":{"line":46,"column":28}},"loc":{"start":{"line":46,"column":33},"end":{"line":78,"column":5}},"line":46}},"branchMap":{"0":{"loc":{"start":{"line":81,"column":8},"end":{"line":83,"column":28}},"type":"cond-expr","locations":[{"start":{"line":82,"column":14},"end":{"line":82,"column":29}},{"start":{"line":83,"column":14},"end":{"line":83,"column":28}}],"line":81}},"s":{"0":0,"1":0,"2":0,"3":0,"4":0,"5":0,"6":0},"f":{"0":0,"1":0,"2":0},"b":{"0":[0,0]}}
,"/Users/eugene/Documents/GitHub/react-freetogame/frontend/src/components/MoreGames/MoreGames.tsx": {"path":"/Users/eugene/Documents/GitHub/react-freetogame/frontend/src/components/MoreGames/MoreGames.tsx","statementMap":{"0":{"start":{"line":17,"column":26},"end":{"line":140,"column":1}},"1":{"start":{"line":18,"column":21},"end":{"line":18,"column":37}},"2":{"start":{"line":20,"column":18},"end":{"line":20,"column":73}},"3":{"start":{"line":20,"column":55},"end":{"line":20,"column":72}},"4":{"start":{"line":21,"column":26},"end":{"line":21,"column":105}},"5":{"start":{"line":21,"column":40},"end":{"line":21,"column":95}},"6":{"start":{"line":21,"column":70},"end":{"line":21,"column":94}},"7":{"start":{"line":22,"column":24},"end":{"line":22,"column":78}},"8":{"start":{"line":22,"column":38},"end":{"line":22,"column":60}},"9":{"start":{"line":23,"column":29},"end":{"line":23,"column":82}},"10":{"start":{"line":23,"column":43},"end":{"line":23,"column":66}},"11":{"start":{"line":25,"column":24},"end":{"line":25,"column":36}},"12":{"start":{"line":27,"column":22},"end":{"line":29,"column":6}},"13":{"start":{"line":31,"column":27},"end":{"line":33,"column":5}},"14":{"start":{"line":32,"column":8},"end":{"line":32,"column":60}},"15":{"start":{"line":35,"column":28},"end":{"line":83,"column":5}},"16":{"start":{"line":36,"column":8},"end":{"line":82,"column":9}},"17":{"start":{"line":41,"column":24},"end":{"line":71,"column":34}},"18":{"start":{"line":41,"column":89},"end":{"line":41,"column":109}},"19":{"start":{"line":85,"column":27},"end":{"line":133,"column":5}},"20":{"start":{"line":86,"column":8},"end":{"line":132,"column":9}},"21":{"start":{"line":91,"column":24},"end":{"line":121,"column":29}},"22":{"start":{"line":92,"column":126},"end":{"line":92,"column":146}},"23":{"start":{"line":135,"column":4},"end":{"line":139,"column":5}},"24":{"start":{"line":142,"column":28},"end":{"line":209,"column":1}},"25":{"start":{"line":143,"column":21},"end":{"line":143,"column":37}},"26":{"start":{"line":145,"column":22},"end":{"line":145,"column":71}},"27":{"start":{"line":145,"column":59},"end":{"line":145,"column":70}},"28":{"start":{"line":146,"column":26},"end":{"line":146,"column":105}},"29":{"start":{"line":146,"column":40},"end":{"line":146,"column":95}},"30":{"start":{"line":146,"column":70},"end":{"line":146,"column":94}},"31":{"start":{"line":147,"column":24},"end":{"line":147,"column":78}},"32":{"start":{"line":147,"column":38},"end":{"line":147,"column":60}},"33":{"start":{"line":148,"column":28},"end":{"line":148,"column":81}},"34":{"start":{"line":148,"column":42},"end":{"line":148,"column":65}},"35":{"start":{"line":150,"column":22},"end":{"line":152,"column":6}},"36":{"start":{"line":154,"column":27},"end":{"line":156,"column":5}},"37":{"start":{"line":155,"column":8},"end":{"line":155,"column":60}},"38":{"start":{"line":158,"column":28},"end":{"line":179,"column":5}},"39":{"start":{"line":159,"column":8},"end":{"line":178,"column":9}},"40":{"start":{"line":164,"column":24},"end":{"line":174,"column":29}},"41":{"start":{"line":164,"column":129},"end":{"line":164,"column":149}},"42":{"start":{"line":181,"column":27},"end":{"line":202,"column":5}},"43":{"start":{"line":182,"column":8},"end":{"line":201,"column":9}},"44":{"start":{"line":187,"column":24},"end":{"line":197,"column":29}},"45":{"start":{"line":187,"column":129},"end":{"line":187,"column":149}},"46":{"start":{"line":204,"column":4},"end":{"line":208,"column":5}},"47":{"start":{"line":211,"column":22},"end":{"line":241,"column":1}},"48":{"start":{"line":212,"column":22},"end":{"line":214,"column":6}},"49":{"start":{"line":216,"column":28},"end":{"line":223,"column":5}},"50":{"start":{"line":217,"column":8},"end":{"line":222,"column":9}},"51":{"start":{"line":225,"column":27},"end":{"line":234,"column":5}},"52":{"start":{"line":226,"column":8},"end":{"line":233,"column":9}},"53":{"start":{"line":236,"column":4},"end":{"line":240,"column":5}}},"fnMap":{"0":{"name":"(anonymous_0)","decl":{"start":{"line":17,"column":26},"end":{"line":17,"column":27}},"loc":{"start":{"line":17,"column":32},"end":{"line":140,"column":1}},"line":17},"1":{"name":"(anonymous_1)","decl":{"start":{"line":20,"column":33},"end":{"line":20,"column":34}},"loc":{"start":{"line":20,"column":55},"end":{"line":20,"column":72}},"line":20},"2":{"name":"(anonymous_2)","decl":{"start":{"line":21,"column":34},"end":{"line":21,"column":35}},"loc":{"start":{"line":21,"column":40},"end":{"line":21,"column":95}},"line":21},"3":{"name":"(anonymous_3)","decl":{"start":{"line":21,"column":53},"end":{"line":21,"column":54}},"loc":{"start":{"line":21,"column":70},"end":{"line":21,"column":94}},"line":21},"4":{"name":"(anonymous_4)","decl":{"start":{"line":22,"column":32},"end":{"line":22,"column":33}},"loc":{"start":{"line":22,"column":38},"end":{"line":22,"column":60}},"line":22},"5":{"name":"(anonymous_5)","decl":{"start":{"line":23,"column":37},"end":{"line":23,"column":38}},"loc":{"start":{"line":23,"column":43},"end":{"line":23,"column":66}},"line":23},"6":{"name":"(anonymous_6)","decl":{"start":{"line":31,"column":27},"end":{"line":31,"column":28}},"loc":{"start":{"line":31,"column":44},"end":{"line":33,"column":5}},"line":31},"7":{"name":"(anonymous_7)","decl":{"start":{"line":35,"column":28},"end":{"line":35,"column":29}},"loc":{"start":{"line":35,"column":34},"end":{"line":83,"column":5}},"line":35},"8":{"name":"(anonymous_8)","decl":{"start":{"line":40,"column":42},"end":{"line":40,"column":43}},"loc":{"start":{"line":41,"column":24},"end":{"line":71,"column":34}},"line":41},"9":{"name":"(anonymous_9)","decl":{"start":{"line":41,"column":81},"end":{"line":41,"column":82}},"loc":{"start":{"line":41,"column":87},"end":{"line":41,"column":111}},"line":41},"10":{"name":"(anonymous_10)","decl":{"start":{"line":85,"column":27},"end":{"line":85,"column":28}},"loc":{"start":{"line":85,"column":33},"end":{"line":133,"column":5}},"line":85},"11":{"name":"(anonymous_11)","decl":{"start":{"line":90,"column":42},"end":{"line":90,"column":43}},"loc":{"start":{"line":91,"column":24},"end":{"line":121,"column":29}},"line":91},"12":{"name":"(anonymous_12)","decl":{"start":{"line":92,"column":118},"end":{"line":92,"column":119}},"loc":{"start":{"line":92,"column":124},"end":{"line":92,"column":148}},"line":92},"13":{"name":"(anonymous_13)","decl":{"start":{"line":142,"column":28},"end":{"line":142,"column":29}},"loc":{"start":{"line":142,"column":34},"end":{"line":209,"column":1}},"line":142},"14":{"name":"(anonymous_14)","decl":{"start":{"line":145,"column":37},"end":{"line":145,"column":38}},"loc":{"start":{"line":145,"column":59},"end":{"line":145,"column":70}},"line":145},"15":{"name":"(anonymous_15)","decl":{"start":{"line":146,"column":34},"end":{"line":146,"column":35}},"loc":{"start":{"line":146,"column":40},"end":{"line":146,"column":95}},"line"
[...]
,"/Users/eugene/Documents/GitHub/react-freetogame/frontend/src/pages/HomePage/HomePage.tsx": {"path":"/Users/eugene/Documents/GitHub/react-freetogame/frontend/src/pages/HomePage/HomePage.tsx","statementMap":{"0":{"start":{"line":10,"column":21},"end":{"line":21,"column":1}},"1":{"start":{"line":11,"column":4},"end":{"line":20,"column":6}}},"fnMap":{"0":{"name":"(anonymous_0)","decl":{"start":{"line":10,"column":21},"end":{"line":10,"column":22}},"loc":{"start":{"line":10,"column":27},"end":{"line":21,"column":1}},"line":10}},"branchMap":{},"s":{"0":0,"1":0},"f":{"0":0},"b":{}}
,"/Users/eugene/Documents/GitHub/react-freetogame/frontend/src/pages/InterfacePage/InterfacePage.tsx": {"path":"/Users/eugene/Documents/GitHub/react-freetogame/frontend/src/pages/InterfacePage/InterfacePage.tsx","statementMap":{"0":{"start":{"line":5,"column":26},"end":{"line":11,"column":1}},"1":{"start":{"line":6,"column":4},"end":{"line":10,"column":6}}},"fnMap":{"0":{"name":"(anonymous_0)","decl":{"start":{"line":5,"column":26},"end":{"line":5,"column":27}},"loc":{"start":{"line":5,"column":32},"end":{"line":11,"column":1}},"line":5}},"branchMap":{},"s":{"0":0,"1":0},"f":{"0":0},"b":{}}
,"/Users/eugene/Documents/GitHub/react-freetogame/frontend/src/pages/NotFound/NotFound.tsx": {"path":"/Users/eugene/Documents/GitHub/react-freetogame/frontend/src/pages/NotFound/NotFound.tsx","statementMap":{"0":{"start":{"line":6,"column":21},"end":{"line":51,"column":1}},"1":{"start":{"line":7,"column":19},"end":{"line":7,"column":30}},"2":{"start":{"line":8,"column":22},"end":{"line":10,"column":6}},"3":{"start":{"line":12,"column":28},"end":{"line":29,"column":5}},"4":{"start":{"line":13,"column":8},"end":{"line":28,"column":10}},"5":{"start":{"line":31,"column":27},"end":{"line":44,"column":5}},"6":{"start":{"line":32,"column":8},"end":{"line":43,"column":9}},"7":{"start":{"line":46,"column":4},"end":{"line":50,"column":5}}},"fnMap":{"0":{"name":"(anonymous_0)","decl":{"start":{"line":6,"column":21},"end":{"line":6,"column":22}},"loc":{"start":{"line":6,"column":27},"end":{"line":51,"column":1}},"line":6},"1":{"name":"(anonymous_1)","decl":{"start":{"line":12,"column":28},"end":{"line":12,"column":29}},"loc":{"start":{"line":12,"column":34},"end":{"line":29,"column":5}},"line":12},"2":{"name":"(anonymous_2)","decl":{"start":{"line":31,"column":27},"end":{"line":31,"column":28}},"loc":{"start":{"line":31,"column":33},"end":{"line":44,"column":5}},"line":31}},"branchMap":{"0":{"loc":{"start":{"line":19,"column":29},"end":{"line":21,"column":122}},"type":"cond-expr","locations":[{"start":{"line":20,"column":34},"end":{"line":20,"column":185}},{"start":{"line":21,"column":34},"end":{"line":21,"column":122}}],"line":19},"1":{"loc":{"start":{"line":36,"column":21},"end":{"line":38,"column":114}},"type":"cond-expr","locations":[{"start":{"line":37,"column":26},"end":{"line":37,"column":177}},{"start":{"line":38,"column":26},"end":{"line":38,"column":114}}],"line":36},"2":{"loc":{"start":{"line":47,"column":8},"end":{"line":49,"column":28}},"type":"cond-expr","locations":[{"start":{"line":48,"column":14},"end":{"line":48,"column":29}},{"start":{"line":49,"column":14},"end":{"line":49,"column":28}}],"line":47}},"s":{"0":0,"1":0,"2":0,"3":0,"4":0,"5":0,"6":0,"7":0},"f":{"0":0,"1":0,"2":0},"b":{"0":[0,0],"1":[0,0],"2":[0,0]}}
,"/Users/eugene/Documents/GitHub/react-freetogame/frontend/src/services/store.ts": {"path":"/Users/eugene/Documents/GitHub/react-freetogame/frontend/src/services/store.ts","statementMap":{"0":{"start":{"line":7,"column":32},"end":{"line":21,"column":1}},"1":{"start":{"line":33,"column":32},"end":{"line":39,"column":1}}},"fnMap":{},"branchMap":{},"s":{"0":0,"1":0},"f":{},"b":{}}
,"/Users/eugene/Documents/GitHub/react-freetogame/frontend/src/services/types.ts": {"path":"/Users/eugene/Documents/GitHub/react-freetogame/frontend/src/services/types.ts","statementMap":{},"fnMap":{},"branchMap":{},"s":{},"f":{},"b":{}}
,"/Users/eugene/Documents/GitHub/react-freetogame/frontend/src/services/actions/game.ts": {"path":"/Users/eugene/Documents/GitHub/react-freetogame/frontend/src/services/actions/game.ts","statementMap":{"0":{"start":{"line":3,"column":56},"end":{"line":3,"column":85}},"1":{"start":{"line":4,"column":56},"end":{"line":4,"column":85}},"2":{"start":{"line":5,"column":56},"end":{"line":5,"column":85}},"3":{"start":{"line":6,"column":56},"end":{"line":6,"column":85}},"4":{"start":{"line":27,"column":32},"end":{"line":29,"column":2}},"5":{"start":{"line":27,"column":64},"end":{"line":29,"column":1}},"6":{"start":{"line":31,"column":32},"end":{"line":34,"column":2}},"7":{"start":{"line":31,"column":77},"end":{"line":34,"column":1}},"8":{"start":{"line":36,"column":32},"end":{"line":39,"column":2}},"9":{"start":{"line":36,"column":77},"end":{"line":39,"column":1}}},"fnMap":{"0":{"name":"(anonymous_0)","decl":{"start":{"line":27,"column":32},"end":{"line":27,"column":33}},"loc":{"start":{"line":27,"column":64},"end":{"line":29,"column":1}},"line":27},"1":{"name":"(anonymous_1)","decl":{"start":{"line":31,"column":32},"end":{"line":31,"column":33}},"loc":{"start":{"line":31,"column":77},"end":{"line":34,"column":1}},"line":31},"2":{"name":"(anonymous_2)","decl":{"start":{"line":36,"column":32},"end":{"line":36,"column":33}},"loc":{"start":{"line":36,"column":77},"end":{"line":39,"column":1}},"line":36}},"branchMap":{},"s":{"0":1,"1":1,"2":1,"3":1,"4":1,"5":0,"6":1,"7":0,"8":1,"9":0},"f":{"0":0,"1":0,"2":0},"b":{},"_coverageSchema":"1a1c01bbd47fc00a2c39e90264f33305004495a9","hash":"ce348f18fcf613327038393fdee89cbb345e00de"}
,"/Users/eugene/Documents/GitHub/react-freetogame/frontend/src/services/actions/games.ts": {"path":"/Users/eugene/Documents/GitHub/react-freetogame/frontend/src/services/actions/games.ts","statementMap":{"0":{"start":{"line":3,"column":58},"end":{"line":3,"column":88}},"1":{"start":{"line":4,"column":58},"end":{"line":4,"column":88}},"2":{"start":{"line":5,"column":58},"end":{"line":5,"column":88}},"3":{"start":{"line":26,"column":33},"end":{"line":28,"column":2}},"4":{"start":{"line":26,"column":66},"end":{"line":28,"column":1}},"5":{"start":{"line":30,"column":33},"end":{"line":33,"column":2}},"6":{"start":{"line":30,"column":79},"end":{"line":33,"column":1}},"7":{"start":{"line":35,"column":33},"end":{"line":38,"column":2}},"8":{"start":{"line":35,"column":79},"end":{"line":38,"column":1}}},"fnMap":{"0":{"name":"(anonymous_0)","decl":{"start":{"line":26,"column":33},"end":{"line":26,"column":34}},"loc":{"start":{"line":26,"column":66},"end":{"line":28,"column":1}},"line":26},"1":{"name":"(anonymous_1)","decl":{"start":{"line":30,"column":33},"end":{"line":30,"column":34}},"loc":{"start":{"line":30,"column":79},"end":{"line":33,"column":1}},"line":30},"2":{"name":"(anonymous_2)","decl":{"start":{"line":35,"column":33},"end":{"line":35,"column":34}},"loc":{"start":{"line":35,"column":79},"end":{"line":38,"column":1}},"line":35}},"branchMap":{},"s":{"0":1,"1":1,"2":1,"3":1,"4":0,"5":1,"6":0,"7":1,"8":0},"f":{"0":0,"1":0,"2":0},"b":{},"_coverageSchema":"1a1c01bbd47fc00a2c39e90264f33305004495a9","hash":"57264299cbf8f57028f9bc763d34eecec6ee419f"}
,"/Users/eugene/Documents/GitHub/react-freetogame/frontend/src/services/actions/selectedGame.ts": {"path":"/Users/eugene/Documents/GitHub/react-freetogame/frontend/src/services/actions/selectedGame.ts","statementMap":{"0":{"start":{"line":3,"column":54},"end":{"line":3,"column":82}},"1":{"start":{"line":4,"column":58},"end":{"line":4,"column":88}},"2":{"start":{"line":20,"column":35},"end":{"line":23,"column":2}},"3":{"start":{"line":20,"column":77},"end":{"line":23,"column":1}},"4":{"start":{"line":25,"column":37},"end":{"line":27,"column":2}},"5":{"start":{"line":25,"column":70},"end":{"line":27,"column":1}}},"fnMap":{"0":{"name":"(anonymous_0)","decl":{"start":{"line":20,"column":35},"end":{"line":20,"column":36}},"loc":{"start":{"line":20,"column":77},"end":{"line":23,"column":1}},"line":20},"1":{"name":"(anonymous_1)","decl":{"start":{"line":25,"column":37},"end":{"line":25,"column":38}},"loc":{"start":{"line":25,"column":70},"end":{"line":27,"column":1}},"line":25}},"branchMap":{},"s":{"0":1,"1":1,"2":1,"3":0,"4":1,"5":0},"f":{"0":0,"1":0},"b":{},"_coverageSchema":"1a1c01bbd47fc00a2c39e90264f33305004495a9","hash":"56a3d578c81417c8d3a33c22711827d7ddcc2076"}
,"/Users/eugene/Documents/GitHub/react-freetogame/frontend/src/services/hooks/hooks.ts": {"path":"/Users/eugene/Documents/GitHub/react-freetogame/frontend/src/services/hooks/hooks.ts","statementMap":{"0":{"start":{"line":9,"column":44},"end":{"line":9,"column":55}},"1":{"start":{"line":10,"column":63},"end":{"line":10,"column":74}}},"fnMap":{},"branchMap":{},"s":{"0":0,"1":0},"f":{},"b":{}}
,"/Users/eugene/Documents/GitHub/react-freetogame/frontend/src/services/reducers/game.ts": {"path":"/Users/eugene/Documents/GitHub/react-freetogame/frontend/src/services/reducers/game.ts","statementMap":{"0":{"start":{"line":8,"column":21},"end":{"line":12,"column":10}},"1":{"start":{"line":14,"column":27},"end":{"line":14,"column":50}},"2":{"start":{"line":14,"column":45},"end":{"line":14,"column":50}},"3":{"start":{"line":16,"column":27},"end":{"line":40,"column":1}},"4":{"start":{"line":17,"column":4},"end":{"line":39,"column":5}},"5":{"start":{"line":19,"column":12},"end":{"line":23,"column":14}},"6":{"start":{"line":25,"column":12},"end":{"line":30,"column":14}},"7":{"start":{"line":32,"column":12},"end":{"line":36,"column":14}},"8":{"start":{"line":38,"column":12},"end":{"line":38,"column":25}}},"fnMap":{"0":{"name":"(anonymous_0)","decl":{"start":{"line":14,"column":27},"end":{"line":14,"column":28}},"loc":{"start":{"line":14,"column":45},"end":{"line":14,"column":50}},"line":14},"1":{"name":"(anonymous_1)","decl":{"start":{"line":16,"column":27},"end":{"line":16,"column":28}},"loc":{"start":{"line":16,"column":68},"end":{"line":40,"column":1}},"line":16}},"branchMap":{"0":{"loc":{"start":{"line":16,"column":28},"end":{"line":16,"column":48}},"type":"default-arg","locations":[{"start":{"line":16,"column":36},"end":{"line":16,"column":48}}],"line":16},"1":{"loc":{"start":{"line":17,"column":4},"end":{"line":39,"column":5}},"type":"switch","locations":[{"start":{"line":18,"column":8},"end":{"line":23,"column":14}},{"start":{"line":24,"column":8},"end":{"line":30,"column":14}},{"start":{"line":31,"column":8},"end":{"line":36,"column":14}},{"start":{"line":37,"column":8},"end":{"line":38,"column":25}}],"line":17}},"s":{"0":1,"1":1,"2":0,"3":1,"4":4,"5":1,"6":1,"7":1,"8":1},"f":{"0":0,"1":4},"b":{"0":[0],"1":[1,1,1,1]},"_coverageSchema":"1a1c01bbd47fc00a2c39e90264f33305004495a9","hash":"0e7ee8432223f4ba72677b13f659ffb5402da97f"}
,"/Users/eugene/Documents/GitHub/react-freetogame/frontend/src/services/reducers/games.ts": {"path":"/Users/eugene/Documents/GitHub/react-freetogame/frontend/src/services/reducers/games.ts","statementMap":{"0":{"start":{"line":8,"column":21},"end":{"line":12,"column":10}},"1":{"start":{"line":14,"column":27},"end":{"line":14,"column":51}},"2":{"start":{"line":14,"column":46},"end":{"line":14,"column":51}},"3":{"start":{"line":16,"column":28},"end":{"line":40,"column":1}},"4":{"start":{"line":17,"column":4},"end":{"line":39,"column":5}},"5":{"start":{"line":19,"column":12},"end":{"line":23,"column":14}},"6":{"start":{"line":25,"column":12},"end":{"line":30,"column":14}},"7":{"start":{"line":32,"column":12},"end":{"line":36,"column":14}},"8":{"start":{"line":38,"column":12},"end":{"line":38,"column":25}}},"fnMap":{"0":{"name":"(anonymous_0)","decl":{"start":{"line":14,"column":27},"end":{"line":14,"column":28}},"loc":{"start":{"line":14,"column":46},"end":{"line":14,"column":51}},"line":14},"1":{"name":"(anonymous_1)","decl":{"start":{"line":16,"column":28},"end":{"line":16,"column":29}},"loc":{"start":{"line":16,"column":70},"end":{"line":40,"column":1}},"line":16}},"branchMap":{"0":{"loc":{"start":{"line":16,"column":29},"end":{"line":16,"column":49}},"type":"default-arg","locations":[{"start":{"line":16,"column":37},"end":{"line":16,"column":49}}],"line":16},"1":{"loc":{"start":{"line":17,"column":4},"end":{"line":39,"column":5}},"type":"switch","locations":[{"start":{"line":18,"column":8},"end":{"line":23,"column":14}},{"start":{"line":24,"column":8},"end":{"line":30,"column":14}},{"start":{"line":31,"column":8},"end":{"line":36,"column":14}},{"start":{"line":37,"column":8},"end":{"line":38,"column":25}}],"line":17}},"s":{"0":1,"1":1,"2":0,"3":1,"4":4,"5":1,"6":1,"7":1,"8":1},"f":{"0":0,"1":4},"b":{"0":[0],"1":[1,1,1,1]},"_coverageSchema":"1a1c01bbd47fc00a2c39e90264f33305004495a9","hash":"c8bb199080a16529c7e4a96c7aeadf1609182d87"}
,"/Users/eugene/Documents/GitHub/react-freetogame/frontend/src/services/reducers/index.ts": {"path":"/Users/eugene/Documents/GitHub/react-freetogame/frontend/src/services/reducers/index.ts","statementMap":{"0":{"start":{"line":6,"column":20},"end":{"line":10,"column":2}}},"fnMap":{},"branchMap":{},"s":{"0":0},"f":{},"b":{}}
,"/Users/eugene/Documents/GitHub/react-freetogame/frontend/src/services/reducers/selectedGame.ts": {"path":"/Users/eugene/Documents/GitHub/react-freetogame/frontend/src/services/reducers/selectedGame.ts","statementMap":{"0":{"start":{"line":7,"column":21},"end":{"line":9,"column":10}},"1":{"start":{"line":11,"column":35},"end":{"line":26,"column":1}},"2":{"start":{"line":12,"column":4},"end":{"line":25,"column":5}},"3":{"start":{"line":14,"column":12},"end":{"line":17,"column":14}},"4":{"start":{"line":19,"column":12},"end":{"line":22,"column":14}},"5":{"start":{"line":24,"column":12},"end":{"line":24,"column":25}}},"fnMap":{"0":{"name":"(anonymous_0)","decl":{"start":{"line":11,"column":35},"end":{"line":11,"column":36}},"loc":{"start":{"line":11,"column":83},"end":{"line":26,"column":1}},"line":11}},"branchMap":{"0":{"loc":{"start":{"line":11,"column":36},"end":{"line":11,"column":56}},"type":"default-arg","locations":[{"start":{"line":11,"column":44},"end":{"line":11,"column":56}}],"line":11},"1":{"loc":{"start":{"line":12,"column":4},"end":{"line":25,"column":5}},"type":"switch","locations":[{"start":{"line":13,"column":8},"end":{"line":17,"column":14}},{"start":{"line":18,"column":8},"end":{"line":22,"column":14}},{"start":{"line":23,"column":8},"end":{"line":24,"column":25}}],"line":12}},"s":{"0":1,"1":1,"2":3,"3":1,"4":1,"5":1},"f":{"0":3},"b":{"0":[0],"1":[1,1,1]},"_coverageSchema":"1a1c01bbd47fc00a2c39e90264f33305004495a9","hash":"d97b36ff72eddc144f07e1edd6fc15af4244c56c"}
,"/Users/eugene/Documents/GitHub/react-freetogame/frontend/src/utils/api.ts": {"path":"/Users/eugene/Documents/GitHub/react-freetogame/frontend/src/utils/api.ts","statementMap":{"0":{"start":{"line":3,"column":26},"end":{"line":3,"column":53}},"1":{"start":{"line":4,"column":19},"end":{"line":4,"column":75}},"2":{"start":{"line":6,"column":29},"end":{"line":52,"column":1}},"3":{"start":{"line":7,"column":19},"end":{"line":7,"column":20}},"4":{"start":{"line":10,"column":21},"end":{"line":10,"column":29}},"5":{"start":{"line":11,"column":22},"end":{"line":11,"column":29}},"6":{"start":{"line":12,"column":23},"end":{"line":12,"column":34}},"7":{"start":{"line":14,"column":4},"end":{"line":25,"column":5}},"8":{"start":{"line":15,"column":8},"end":{"line":24,"column":9}},"9":{"start":{"line":16,"column":12},"end":{"line":16,"column":99}},"10":{"start":{"line":17,"column":12},"end":{"line":21,"column":13}},"11":{"start":{"line":18,"column":16},"end":{"line":18,"column":37}},"12":{"start":{"line":20,"column":16},"end":{"line":20,"column":27}},"13":{"start":{"line":23,"column":12},"end":{"line":23,"column":23}},"14":{"start":{"line":27,"column":4},"end":{"line":51,"column":5}},"15":{"start":{"line":35,"column":32},"end":{"line":40,"column":9}},"16":{"start":{"line":42,"column":8},"end":{"line":42,"column":85}},"17":{"start":{"line":44,"column":8},"end":{"line":48,"column":9}},"18":{"start":{"line":45,"column":12},"end":{"line":45,"column":33}},"19":{"start":{"line":47,"column":12},"end":{"line":47,"column":51}},"20":{"start":{"line":50,"column":8},"end":{"line":50,"column":47}},"21":{"start":{"line":54,"column":30},"end":{"line":103,"column":1}},"22":{"start":{"line":55,"column":21},"end":{"line":55,"column":29}},"23":{"start":{"line":56,"column":22},"end":{"line":56,"column":28}},"24":{"start":{"line":57,"column":19},"end":{"line":57,"column":20}},"25":{"start":{"line":61,"column":4},"end":{"line":72,"column":5}},"26":{"start":{"line":62,"column":8},"end":{"line":71,"column":9}},"27":{"start":{"line":63,"column":12},"end":{"line":63,"column":86}},"28":{"start":{"line":64,"column":12},"end":{"line":68,"column":13}},"29":{"start":{"line":65,"column":16},"end":{"line":65,"column":37}},"30":{"start":{"line":67,"column":16},"end":{"line":67,"column":27}},"31":{"start":{"line":70,"column":12},"end":{"line":70,"column":23}},"32":{"start":{"line":74,"column":4},"end":{"line":102,"column":5}},"33":{"start":{"line":84,"column":32},"end":{"line":91,"column":9}},"34":{"start":{"line":93,"column":8},"end":{"line":93,"column":47}},"35":{"start":{"line":95,"column":8},"end":{"line":99,"column":9}},"36":{"start":{"line":96,"column":12},"end":{"line":96,"column":33}},"37":{"start":{"line":98,"column":12},"end":{"line":98,"column":51}},"38":{"start":{"line":101,"column":8},"end":{"line":101,"column":47}}},"fnMap":{"0":{"name":"(anonymous_0)","decl":{"start":{"line":6,"column":29},"end":{"line":6,"column":30}},"loc":{"start":{"line":6,"column":51},"end":{"line":52,"column":1}},"line":6},"1":{"name":"(anonymous_1)","decl":{"start":{"line":54,"column":30},"end":{"line":54,"column":31}},"loc":{"start":{"line":54,"column":42},"end":{"line":103,"column":1}},"line":54}},"branchMap":{"0":{"loc":{"start":{"line":17,"column":12},"end":{"line":21,"column":13}},"type":"if","locations":[{"start":{"line":17,"column":12},"end":{"line":21,"column":13}},{"start":{"line":19,"column":19},"end":{"line":21,"column":13}}],"line":17},"1":{"loc":{"start":{"line":44,"column":8},"end":{"line":48,"column":9}},"type":"if","locations":[{"start":{"line":44,"column":8},"end":{"line":48,"column":9}},{"start":{"line":46,"column":15},"end":{"line":48,"column":9}}],"line":44},"2":{"loc":{"start":{"line":64,"column":12},"end":{"line":68,"column":13}},"type":"if","locations":[{"start":{"line":64,"column":12},"end":{"line":68,"column":13}},{"start":{"line":66,"column":19},"end":{"line":68,"column":13}}],"line":64},"3":{"loc":{"start":{"line":95,"column":8},"end":{"line":99,"column":9}},"type":"if","locations":[{"start":{"line":95,"column":8},"end":{"line":99,"column":9}},{"start":{"line":97,"column":15},"end":{"line":99,"column":9}}],"line":95}},"s":{"0":0,"1":0,"2":0,"3":0,"4":0,"5":0,"6":0,"7":0,"8":0,"9":0,"10":0,"11":0,"12":0,"13":0,"14":0,"15":0,"16":0,"17":0,"18":0,"19":0,"20":0,"21":0,"22":0,"23":0,"24":0,"25":0,"26":0,"27":0,"28":0,"29":0,"30":0,"31":0,"32":0,"33":0,"34":0,"35":0,"36":0,"37":0,"38":0},"f":{"0":0,"1":0},"b":{"0":[0,0],"1":[0,0],"2":[0,0],"3":[0,0]}}
,"/Users/eugene/Documents/GitHub/react-freetogame/frontend/src/utils/routePath.ts": {"path":"/Users/eugene/Documents/GitHub/react-freetogame/frontend/src/utils/routePath.ts","statementMap":{"0":{"start":{"line":1,"column":28},"end":{"line":1,"column":31}},"1":{"start":{"line":2,"column":30},"end":{"line":2,"column":42}},"2":{"start":{"line":3,"column":25},"end":{"line":3,"column":36}},"3":{"start":{"line":4,"column":26},"end":{"line":4,"column":29}}},"fnMap":{},"branchMap":{},"s":{"0":0,"1":0,"2":0,"3":0},"f":{},"b":{}}
}
